Release 14.7 - xst P.20131013 (nt64)
Copyright (c) 1995-2013 Xilinx, Inc.  All rights reserved.
--> Parameter TMPDIR set to xst/projnav.tmp


Total REAL time to Xst completion: 1.00 secs
Total CPU time to Xst completion: 0.14 secs
 
--> Parameter xsthdpdir set to xst


Total REAL time to Xst completion: 1.00 secs
Total CPU time to Xst completion: 0.14 secs
 
--> Reading design: CIC_Interpolator.prj

TABLE OF CONTENTS
  1) Synthesis Options Summary
  2) HDL Parsing
  3) HDL Elaboration
  4) HDL Synthesis
       4.1) HDL Synthesis Report
  5) Advanced HDL Synthesis
       5.1) Advanced HDL Synthesis Report
  6) Low Level Synthesis
  7) Partition Report
  8) Design Summary
       8.1) Primitive and Black Box Usage
       8.2) Device utilization summary
       8.3) Partition Resource Summary
       8.4) Timing Report
            8.4.1) Clock Information
            8.4.2) Asynchronous Control Signals Information
            8.4.3) Timing Summary
            8.4.4) Timing Details
            8.4.5) Cross Clock Domains Report


=========================================================================
*                      Synthesis Options Summary                        *
=========================================================================
---- Source Parameters
Input File Name                    : "CIC_Interpolator.prj"
Ignore Synthesis Constraint File   : NO

---- Target Parameters
Output File Name                   : "CIC_Interpolator"
Output Format                      : NGC
Target Device                      : xc7a100t-3-csg324

---- Source Options
Top Module Name                    : CIC_Interpolator
Automatic FSM Extraction           : YES
FSM Encoding Algorithm             : Auto
Safe Implementation                : No
FSM Style                          : LUT
RAM Extraction                     : Yes
RAM Style                          : Auto
ROM Extraction                     : Yes
Shift Register Extraction          : YES
ROM Style                          : Auto
Resource Sharing                   : YES
Asynchronous To Synchronous        : NO
Shift Register Minimum Size        : 2
Use DSP Block                      : Auto
Automatic Register Balancing       : No

---- Target Options
LUT Combining                      : Auto
Reduce Control Sets                : Auto
Add IO Buffers                     : YES
Global Maximum Fanout              : 100000
Add Generic Clock Buffer(BUFG)     : 32
Register Duplication               : YES
Optimize Instantiated Primitives   : NO
Use Clock Enable                   : Auto
Use Synchronous Set                : Auto
Use Synchronous Reset              : Auto
Pack IO Registers into IOBs        : Auto
Equivalent register Removal        : YES

---- General Options
Optimization Goal                  : Speed
Optimization Effort                : 1
Power Reduction                    : NO
Keep Hierarchy                     : No
Netlist Hierarchy                  : As_Optimized
RTL Output                         : Yes
Global Optimization                : AllClockNets
Read Cores                         : YES
Write Timing Constraints           : NO
Cross Clock Analysis               : NO
Hierarchy Separator                : /
Bus Delimiter                      : <>
Case Specifier                     : Maintain
Slice Utilization Ratio            : 100
BRAM Utilization Ratio             : 100
DSP48 Utilization Ratio            : 100
Auto BRAM Packing                  : NO
Slice Utilization Ratio Delta      : 5

=========================================================================


=========================================================================
*                          HDL Parsing                                  *
=========================================================================
Analyzing Verilog file "C:\Users\tate\Documents\School-UCT\4th Year\EEE4084F\workspace\cic_interpolator\SRAM.v" into library work
Parsing module <SRAM>.
Analyzing Verilog file "C:\Users\tate\Documents\School-UCT\4th Year\EEE4084F\workspace\cic_interpolator\upsampler.v" into library work
Parsing module <upsampler>.
Analyzing Verilog file "C:\Users\tate\Documents\School-UCT\4th Year\EEE4084F\workspace\cic_interpolator\Intergrator.v" into library work
Parsing module <Intergrator>.
Analyzing Verilog file "C:\Users\tate\Documents\School-UCT\4th Year\EEE4084F\workspace\cic_interpolator\comb.v" into library work
Parsing module <Comb>.
Analyzing Verilog file "C:\Users\tate\Documents\School-UCT\4th Year\EEE4084F\workspace\cic_interpolator\CIC_Interpolator.v" into library work
Parsing module <CIC_Interpolator>.

=========================================================================
*                            HDL Elaboration                            *
=========================================================================

Elaborating module <CIC_Interpolator>.

Elaborating module <Comb(M=2)>.

Elaborating module <SRAM(ADDR_WIDTH=8,DATA_WIDTH=32,DEPTH=2)>.

Elaborating module <upsampler(R=2)>.
WARNING:HDLCompiler:189 - "C:\Users\tate\Documents\School-UCT\4th Year\EEE4084F\workspace\cic_interpolator\CIC_Interpolator.v" Line 71: Size mismatch in connection of port <d_out>. Formal port size is 32-bit while actual signal size is 1-bit.

Elaborating module <Intergrator>.
WARNING:HDLCompiler:189 - "C:\Users\tate\Documents\School-UCT\4th Year\EEE4084F\workspace\cic_interpolator\CIC_Interpolator.v" Line 74: Size mismatch in connection of port <d_in>. Formal port size is 32-bit while actual signal size is 1-bit.

=========================================================================
*                           HDL Synthesis                               *
=========================================================================

Synthesizing Unit <CIC_Interpolator>.
    Related source file is "C:\Users\tate\Documents\School-UCT\4th Year\EEE4084F\workspace\cic_interpolator\CIC_Interpolator.v".
        M = 2
        R = 2
    Found 1-bit register for signal <sclk>.
    Found 8-bit register for signal <clk_scaler_counter>.
    Found 8-bit adder for signal <clk_scaler_counter[7]_GND_1_o_add_1_OUT> created at line 50.
    Found 8-bit comparator greater for signal <n0001> created at line 54
    Summary:
	inferred   1 Adder/Subtractor(s).
	inferred   9 D-type flip-flop(s).
	inferred   1 Comparator(s).
Unit <CIC_Interpolator> synthesized.

Synthesizing Unit <Comb>.
    Related source file is "C:\Users\tate\Documents\School-UCT\4th Year\EEE4084F\workspace\cic_interpolator\comb.v".
        M = 2
    Found 32-bit register for signal <d_out>.
    Found 32-bit register for signal <mem_write>.
    Found 32-bit subtractor for signal <d_in[31]_mem_read[31]_sub_2_OUT> created at line 60.
    WARNING:Xst:2404 -  FFs/Latches <mem_write_EN<0:0>> (without init value) have a constant value of 1 in block <Comb>.
    Summary:
	inferred   1 Adder/Subtractor(s).
	inferred  64 D-type flip-flop(s).
Unit <Comb> synthesized.

Synthesizing Unit <SRAM>.
    Related source file is "C:\Users\tate\Documents\School-UCT\4th Year\EEE4084F\workspace\cic_interpolator\SRAM.v".
        ADDR_WIDTH = 8
        DATA_WIDTH = 32
        DEPTH = 2
    Found 32-bit register for signal <memory_array<0>>.
    Found 32-bit register for signal <o_data>.
    Summary:
	inferred  64 D-type flip-flop(s).
Unit <SRAM> synthesized.

Synthesizing Unit <upsampler>.
    Related source file is "C:\Users\tate\Documents\School-UCT\4th Year\EEE4084F\workspace\cic_interpolator\upsampler.v".
        R = 2
    Found 8-bit register for signal <zero_counter>.
    Found 32-bit register for signal <d_out>.
    Found 8-bit adder for signal <zero_counter[7]_GND_4_o_add_2_OUT> created at line 50.
    Found 8-bit comparator greater for signal <zero_counter[7]_GND_4_o_LessThan_2_o> created at line 47
    Summary:
	inferred   1 Adder/Subtractor(s).
	inferred  40 D-type flip-flop(s).
	inferred   1 Comparator(s).
Unit <upsampler> synthesized.

Synthesizing Unit <Intergrator>.
    Related source file is "C:\Users\tate\Documents\School-UCT\4th Year\EEE4084F\workspace\cic_interpolator\Intergrator.v".
    Found 32-bit register for signal <d_out>.
    Found 32-bit adder for signal <d_out[31]_d_in[31]_add_1_OUT> created at line 61.
    Summary:
	inferred   1 Adder/Subtractor(s).
	inferred  32 D-type flip-flop(s).
Unit <Intergrator> synthesized.

=========================================================================
HDL Synthesis Report

Macro Statistics
# Adders/Subtractors                                   : 10
 32-bit adder                                          : 4
 32-bit subtractor                                     : 4
 8-bit adder                                           : 2
# Registers                                            : 24
 1-bit register                                        : 1
 32-bit register                                       : 21
 8-bit register                                        : 2
# Comparators                                          : 2
 8-bit comparator greater                              : 2

=========================================================================

=========================================================================
*                       Advanced HDL Synthesis                          *
=========================================================================

WARNING:Xst:2677 - Node <d_out_1> of sequential type is unconnected in block <Upsample>.
WARNING:Xst:2677 - Node <d_out_2> of sequential type is unconnected in block <Upsample>.
WARNING:Xst:2677 - Node <d_out_3> of sequential type is unconnected in block <Upsample>.
WARNING:Xst:2677 - Node <d_out_4> of sequential type is unconnected in block <Upsample>.
WARNING:Xst:2677 - Node <d_out_5> of sequential type is unconnected in block <Upsample>.
WARNING:Xst:2677 - Node <d_out_6> of sequential type is unconnected in block <Upsample>.
WARNING:Xst:2677 - Node <d_out_7> of sequential type is unconnected in block <Upsample>.
WARNING:Xst:2677 - Node <d_out_8> of sequential type is unconnected in block <Upsample>.
WARNING:Xst:2677 - Node <d_out_9> of sequential type is unconnected in block <Upsample>.
WARNING:Xst:2677 - Node <d_out_10> of sequential type is unconnected in block <Upsample>.
WARNING:Xst:2677 - Node <d_out_11> of sequential type is unconnected in block <Upsample>.
WARNING:Xst:2677 - Node <d_out_12> of sequential type is unconnected in block <Upsample>.
WARNING:Xst:2677 - Node <d_out_13> of sequential type is unconnected in block <Upsample>.
WARNING:Xst:2677 - Node <d_out_14> of sequential type is unconnected in block <Upsample>.
WARNING:Xst:2677 - Node <d_out_15> of sequential type is unconnected in block <Upsample>.
WARNING:Xst:2677 - Node <d_out_16> of sequential type is unconnected in block <Upsample>.
WARNING:Xst:2677 - Node <d_out_17> of sequential type is unconnected in block <Upsample>.
WARNING:Xst:2677 - Node <d_out_18> of sequential type is unconnected in block <Upsample>.
WARNING:Xst:2677 - Node <d_out_19> of sequential type is unconnected in block <Upsample>.
WARNING:Xst:2677 - Node <d_out_20> of sequential type is unconnected in block <Upsample>.
WARNING:Xst:2677 - Node <d_out_21> of sequential type is unconnected in block <Upsample>.
WARNING:Xst:2677 - Node <d_out_22> of sequential type is unconnected in block <Upsample>.
WARNING:Xst:2677 - Node <d_out_23> of sequential type is unconnected in block <Upsample>.
WARNING:Xst:2677 - Node <d_out_24> of sequential type is unconnected in block <Upsample>.
WARNING:Xst:2677 - Node <d_out_25> of sequential type is unconnected in block <Upsample>.
WARNING:Xst:2677 - Node <d_out_26> of sequential type is unconnected in block <Upsample>.
WARNING:Xst:2677 - Node <d_out_27> of sequential type is unconnected in block <Upsample>.
WARNING:Xst:2677 - Node <d_out_28> of sequential type is unconnected in block <Upsample>.
WARNING:Xst:2677 - Node <d_out_29> of sequential type is unconnected in block <Upsample>.
WARNING:Xst:2677 - Node <d_out_30> of sequential type is unconnected in block <Upsample>.
WARNING:Xst:2677 - Node <d_out_31> of sequential type is unconnected in block <Upsample>.
WARNING:Xst:2677 - Node <d_out_1> of sequential type is unconnected in block <comb4>.
WARNING:Xst:2677 - Node <d_out_2> of sequential type is unconnected in block <comb4>.
WARNING:Xst:2677 - Node <d_out_3> of sequential type is unconnected in block <comb4>.
WARNING:Xst:2677 - Node <d_out_4> of sequential type is unconnected in block <comb4>.
WARNING:Xst:2677 - Node <d_out_5> of sequential type is unconnected in block <comb4>.
WARNING:Xst:2677 - Node <d_out_6> of sequential type is unconnected in block <comb4>.
WARNING:Xst:2677 - Node <d_out_7> of sequential type is unconnected in block <comb4>.
WARNING:Xst:2677 - Node <d_out_8> of sequential type is unconnected in block <comb4>.
WARNING:Xst:2677 - Node <d_out_9> of sequential type is unconnected in block <comb4>.
WARNING:Xst:2677 - Node <d_out_10> of sequential type is unconnected in block <comb4>.
WARNING:Xst:2677 - Node <d_out_11> of sequential type is unconnected in block <comb4>.
WARNING:Xst:2677 - Node <d_out_12> of sequential type is unconnected in block <comb4>.
WARNING:Xst:2677 - Node <d_out_13> of sequential type is unconnected in block <comb4>.
WARNING:Xst:2677 - Node <d_out_14> of sequential type is unconnected in block <comb4>.
WARNING:Xst:2677 - Node <d_out_15> of sequential type is unconnected in block <comb4>.
WARNING:Xst:2677 - Node <d_out_16> of sequential type is unconnected in block <comb4>.
WARNING:Xst:2677 - Node <d_out_17> of sequential type is unconnected in block <comb4>.
WARNING:Xst:2677 - Node <d_out_18> of sequential type is unconnected in block <comb4>.
WARNING:Xst:2677 - Node <d_out_19> of sequential type is unconnected in block <comb4>.
WARNING:Xst:2677 - Node <d_out_20> of sequential type is unconnected in block <comb4>.
WARNING:Xst:2677 - Node <d_out_21> of sequential type is unconnected in block <comb4>.
WARNING:Xst:2677 - Node <d_out_22> of sequential type is unconnected in block <comb4>.
WARNING:Xst:2677 - Node <d_out_23> of sequential type is unconnected in block <comb4>.
WARNING:Xst:2677 - Node <d_out_24> of sequential type is unconnected in block <comb4>.
WARNING:Xst:2677 - Node <d_out_25> of sequential type is unconnected in block <comb4>.
WARNING:Xst:2677 - Node <d_out_26> of sequential type is unconnected in block <comb4>.
WARNING:Xst:2677 - Node <d_out_27> of sequential type is unconnected in block <comb4>.
WARNING:Xst:2677 - Node <d_out_28> of sequential type is unconnected in block <comb4>.
WARNING:Xst:2677 - Node <d_out_29> of sequential type is unconnected in block <comb4>.
WARNING:Xst:2677 - Node <d_out_30> of sequential type is unconnected in block <comb4>.
WARNING:Xst:2677 - Node <d_out_31> of sequential type is unconnected in block <comb4>.

Synthesizing (advanced) Unit <CIC_Interpolator>.
The following registers are absorbed into counter <clk_scaler_counter>: 1 register on signal <clk_scaler_counter>.
Unit <CIC_Interpolator> synthesized (advanced).

Synthesizing (advanced) Unit <Intergrator>.
The following registers are absorbed into accumulator <d_out>: 1 register on signal <d_out>.
Unit <Intergrator> synthesized (advanced).

Synthesizing (advanced) Unit <upsampler>.
The following registers are absorbed into counter <zero_counter>: 1 register on signal <zero_counter>.
Unit <upsampler> synthesized (advanced).

=========================================================================
Advanced HDL Synthesis Report

Macro Statistics
# Adders/Subtractors                                   : 4
 32-bit subtractor                                     : 4
# Counters                                             : 2
 8-bit up counter                                      : 2
# Accumulators                                         : 4
 32-bit up accumulator                                 : 4
# Registers                                            : 545
 Flip-Flops                                            : 545
# Comparators                                          : 2
 8-bit comparator greater                              : 2

=========================================================================

=========================================================================
*                         Low Level Synthesis                           *
=========================================================================

Optimizing unit <CIC_Interpolator> ...

Optimizing unit <SRAM> ...

Optimizing unit <upsampler> ...
WARNING:Xst:2677 - Node <comb1/mem_write_1> of sequential type is unconnected in block <CIC_Interpolator>.
WARNING:Xst:2677 - Node <comb1/mem_write_2> of sequential type is unconnected in block <CIC_Interpolator>.
WARNING:Xst:2677 - Node <comb1/mem_write_3> of sequential type is unconnected in block <CIC_Interpolator>.
WARNING:Xst:2677 - Node <comb1/mem_write_4> of sequential type is unconnected in block <CIC_Interpolator>.
WARNING:Xst:2677 - Node <comb1/mem_write_5> of sequential type is unconnected in block <CIC_Interpolator>.
WARNING:Xst:2677 - Node <comb1/mem_write_6> of sequential type is unconnected in block <CIC_Interpolator>.
WARNING:Xst:2677 - Node <comb1/mem_write_7> of sequential type is unconnected in block <CIC_Interpolator>.
WARNING:Xst:2677 - Node <comb1/mem_write_8> of sequential type is unconnected in block <CIC_Interpolator>.
WARNING:Xst:2677 - Node <comb1/mem_write_9> of sequential type is unconnected in block <CIC_Interpolator>.
WARNING:Xst:2677 - Node <comb1/mem_write_10> of sequential type is unconnected in block <CIC_Interpolator>.
WARNING:Xst:2677 - Node <comb1/mem_write_11> of sequential type is unconnected in block <CIC_Interpolator>.
WARNING:Xst:2677 - Node <comb1/mem_write_12> of sequential type is unconnected in block <CIC_Interpolator>.
WARNING:Xst:2677 - Node <comb1/mem_write_13> of sequential type is unconnected in block <CIC_Interpolator>.
WARNING:Xst:2677 - Node <comb1/mem_write_14> of sequential type is unconnected in block <CIC_Interpolator>.
WARNING:Xst:2677 - Node <comb1/mem_write_15> of sequential type is unconnected in block <CIC_Interpolator>.
WARNING:Xst:2677 - Node <comb1/mem_write_16> of sequential type is unconnected in block <CIC_Interpolator>.
WARNING:Xst:2677 - Node <comb1/mem_write_17> of sequential type is unconnected in block <CIC_Interpolator>.
WARNING:Xst:2677 - Node <comb1/mem_write_18> of sequential type is unconnected in block <CIC_Interpolator>.
WARNING:Xst:2677 - Node <comb1/mem_write_19> of sequential type is unconnected in block <CIC_Interpolator>.
WARNING:Xst:2677 - Node <comb1/mem_write_20> of sequential type is unconnected in block <CIC_Interpolator>.
WARNING:Xst:2677 - Node <comb1/mem_write_21> of sequential type is unconnected in block <CIC_Interpolator>.
WARNING:Xst:2677 - Node <comb1/mem_write_22> of sequential type is unconnected in block <CIC_Interpolator>.
WARNING:Xst:2677 - Node <comb1/mem_write_23> of sequential type is unconnected in block <CIC_Interpolator>.
WARNING:Xst:2677 - Node <comb1/mem_write_24> of sequential type is unconnected in block <CIC_Interpolator>.
WARNING:Xst:2677 - Node <comb1/mem_write_25> of sequential type is unconnected in block <CIC_Interpolator>.
WARNING:Xst:2677 - Node <comb1/mem_write_26> of sequential type is unconnected in block <CIC_Interpolator>.
WARNING:Xst:2677 - Node <comb1/mem_write_27> of sequential type is unconnected in block <CIC_Interpolator>.
WARNING:Xst:2677 - Node <comb1/mem_write_28> of sequential type is unconnected in block <CIC_Interpolator>.
WARNING:Xst:2677 - Node <comb1/mem_write_29> of sequential type is unconnected in block <CIC_Interpolator>.
WARNING:Xst:2677 - Node <comb1/mem_write_30> of sequential type is unconnected in block <CIC_Interpolator>.
WARNING:Xst:2677 - Node <comb1/mem_write_31> of sequential type is unconnected in block <CIC_Interpolator>.
WARNING:Xst:2677 - Node <comb1/d_out_1> of sequential type is unconnected in block <CIC_Interpolator>.
WARNING:Xst:2677 - Node <comb1/d_out_2> of sequential type is unconnected in block <CIC_Interpolator>.
WARNING:Xst:2677 - Node <comb1/d_out_3> of sequential type is unconnected in block <CIC_Interpolator>.
WARNING:Xst:2677 - Node <comb1/d_out_4> of sequential type is unconnected in block <CIC_Interpolator>.
WARNING:Xst:2677 - Node <comb1/d_out_5> of sequential type is unconnected in block <CIC_Interpolator>.
WARNING:Xst:2677 - Node <comb1/d_out_6> of sequential type is unconnected in block <CIC_Interpolator>.
WARNING:Xst:2677 - Node <comb1/d_out_7> of sequential type is unconnected in block <CIC_Interpolator>.
WARNING:Xst:2677 - Node <comb1/d_out_8> of sequential type is unconnected in block <CIC_Interpolator>.
WARNING:Xst:2677 - Node <comb1/d_out_9> of sequential type is unconnected in block <CIC_Interpolator>.
WARNING:Xst:2677 - Node <comb1/d_out_10> of sequential type is unconnected in block <CIC_Interpolator>.
WARNING:Xst:2677 - Node <comb1/d_out_11> of sequential type is unconnected in block <CIC_Interpolator>.
WARNING:Xst:2677 - Node <comb1/d_out_12> of sequential type is unconnected in block <CIC_Interpolator>.
WARNING:Xst:2677 - Node <comb1/d_out_13> of sequential type is unconnected in block <CIC_Interpolator>.
WARNING:Xst:2677 - Node <comb1/d_out_14> of sequential type is unconnected in block <CIC_Interpolator>.
WARNING:Xst:2677 - Node <comb1/d_out_15> of sequential type is unconnected in block <CIC_Interpolator>.
WARNING:Xst:2677 - Node <comb1/d_out_16> of sequential type is unconnected in block <CIC_Interpolator>.
WARNING:Xst:2677 - Node <comb1/d_out_17> of sequential type is unconnected in block <CIC_Interpolator>.
WARNING:Xst:2677 - Node <comb1/d_out_18> of sequential type is unconnected in block <CIC_Interpolator>.
WARNING:Xst:2677 - Node <comb1/d_out_19> of sequential type is unconnected in block <CIC_Interpolator>.
WARNING:Xst:2677 - Node <comb1/d_out_20> of sequential type is unconnected in block <CIC_Interpolator>.
WARNING:Xst:2677 - Node <comb1/d_out_21> of sequential type is unconnected in block <CIC_Interpolator>.
WARNING:Xst:2677 - Node <comb1/d_out_22> of sequential type is unconnected in block <CIC_Interpolator>.
WARNING:Xst:2677 - Node <comb1/d_out_23> of sequential type is unconnected in block <CIC_Interpolator>.
WARNING:Xst:2677 - Node <comb1/d_out_24> of sequential type is unconnected in block <CIC_Interpolator>.
WARNING:Xst:2677 - Node <comb1/d_out_25> of sequential type is unconnected in block <CIC_Interpolator>.
WARNING:Xst:2677 - Node <comb1/d_out_26> of sequential type is unconnected in block <CIC_Interpolator>.
WARNING:Xst:2677 - Node <comb1/d_out_27> of sequential type is unconnected in block <CIC_Interpolator>.
WARNING:Xst:2677 - Node <comb1/d_out_28> of sequential type is unconnected in block <CIC_Interpolator>.
WARNING:Xst:2677 - Node <comb1/d_out_29> of sequential type is unconnected in block <CIC_Interpolator>.
WARNING:Xst:2677 - Node <comb1/d_out_30> of sequential type is unconnected in block <CIC_Interpolator>.
WARNING:Xst:2677 - Node <comb1/d_out_31> of sequential type is unconnected in block <CIC_Interpolator>.
WARNING:Xst:2677 - Node <comb2/mem_write_1> of sequential type is unconnected in block <CIC_Interpolator>.
WARNING:Xst:2677 - Node <comb2/mem_write_2> of sequential type is unconnected in block <CIC_Interpolator>.
WARNING:Xst:2677 - Node <comb2/mem_write_3> of sequential type is unconnected in block <CIC_Interpolator>.
WARNING:Xst:2677 - Node <comb2/mem_write_4> of sequential type is unconnected in block <CIC_Interpolator>.
WARNING:Xst:2677 - Node <comb2/mem_write_5> of sequential type is unconnected in block <CIC_Interpolator>.
WARNING:Xst:2677 - Node <comb2/mem_write_6> of sequential type is unconnected in block <CIC_Interpolator>.
WARNING:Xst:2677 - Node <comb2/mem_write_7> of sequential type is unconnected in block <CIC_Interpolator>.
WARNING:Xst:2677 - Node <comb2/mem_write_8> of sequential type is unconnected in block <CIC_Interpolator>.
WARNING:Xst:2677 - Node <comb2/mem_write_9> of sequential type is unconnected in block <CIC_Interpolator>.
WARNING:Xst:2677 - Node <comb2/mem_write_10> of sequential type is unconnected in block <CIC_Interpolator>.
WARNING:Xst:2677 - Node <comb2/mem_write_11> of sequential type is unconnected in block <CIC_Interpolator>.
WARNING:Xst:2677 - Node <comb2/mem_write_12> of sequential type is unconnected in block <CIC_Interpolator>.
WARNING:Xst:2677 - Node <comb2/mem_write_13> of sequential type is unconnected in block <CIC_Interpolator>.
WARNING:Xst:2677 - Node <comb2/mem_write_14> of sequential type is unconnected in block <CIC_Interpolator>.
WARNING:Xst:2677 - Node <comb2/mem_write_15> of sequential type is unconnected in block <CIC_Interpolator>.
WARNING:Xst:2677 - Node <comb2/mem_write_16> of sequential type is unconnected in block <CIC_Interpolator>.
WARNING:Xst:2677 - Node <comb2/mem_write_17> of sequential type is unconnected in block <CIC_Interpolator>.
WARNING:Xst:2677 - Node <comb2/mem_write_18> of sequential type is unconnected in block <CIC_Interpolator>.
WARNING:Xst:2677 - Node <comb2/mem_write_19> of sequential type is unconnected in block <CIC_Interpolator>.
WARNING:Xst:2677 - Node <comb2/mem_write_20> of sequential type is unconnected in block <CIC_Interpolator>.
WARNING:Xst:2677 - Node <comb2/mem_write_21> of sequential type is unconnected in block <CIC_Interpolator>.
WARNING:Xst:2677 - Node <comb2/mem_write_22> of sequential type is unconnected in block <CIC_Interpolator>.
WARNING:Xst:2677 - Node <comb2/mem_write_23> of sequential type is unconnected in block <CIC_Interpolator>.
WARNING:Xst:2677 - Node <comb2/mem_write_24> of sequential type is unconnected in block <CIC_Interpolator>.
WARNING:Xst:2677 - Node <comb2/mem_write_25> of sequential type is unconnected in block <CIC_Interpolator>.
WARNING:Xst:2677 - Node <comb2/mem_write_26> of sequential type is unconnected in block <CIC_Interpolator>.
WARNING:Xst:2677 - Node <comb2/mem_write_27> of sequential type is unconnected in block <CIC_Interpolator>.
WARNING:Xst:2677 - Node <comb2/mem_write_28> of sequential type is unconnected in block <CIC_Interpolator>.
WARNING:Xst:2677 - Node <comb2/mem_write_29> of sequential type is unconnected in block <CIC_Interpolator>.
WARNING:Xst:2677 - Node <comb2/mem_write_30> of sequential type is unconnected in block <CIC_Interpolator>.
WARNING:Xst:2677 - Node <comb2/mem_write_31> of sequential type is unconnected in block <CIC_Interpolator>.
WARNING:Xst:2677 - Node <comb2/d_out_1> of sequential type is unconnected in block <CIC_Interpolator>.
WARNING:Xst:2677 - Node <comb2/d_out_2> of sequential type is unconnected in block <CIC_Interpolator>.
WARNING:Xst:2677 - Node <comb2/d_out_3> of sequential type is unconnected in block <CIC_Interpolator>.
WARNING:Xst:2677 - Node <comb2/d_out_4> of sequential type is unconnected in block <CIC_Interpolator>.
WARNING:Xst:2677 - Node <comb2/d_out_5> of sequential type is unconnected in block <CIC_Interpolator>.
WARNING:Xst:2677 - Node <comb2/d_out_6> of sequential type is unconnected in block <CIC_Interpolator>.
WARNING:Xst:2677 - Node <comb2/d_out_7> of sequential type is unconnected in block <CIC_Interpolator>.
WARNING:Xst:2677 - Node <comb2/d_out_8> of sequential type is unconnected in block <CIC_Interpolator>.
WARNING:Xst:2677 - Node <comb2/d_out_9> of sequential type is unconnected in block <CIC_Interpolator>.
WARNING:Xst:2677 - Node <comb2/d_out_10> of sequential type is unconnected in block <CIC_Interpolator>.
WARNING:Xst:2677 - Node <comb2/d_out_11> of sequential type is unconnected in block <CIC_Interpolator>.
WARNING:Xst:2677 - Node <comb2/d_out_12> of sequential type is unconnected in block <CIC_Interpolator>.
WARNING:Xst:2677 - Node <comb2/d_out_13> of sequential type is unconnected in block <CIC_Interpolator>.
WARNING:Xst:2677 - Node <comb2/d_out_14> of sequential type is unconnected in block <CIC_Interpolator>.
WARNING:Xst:2677 - Node <comb2/d_out_15> of sequential type is unconnected in block <CIC_Interpolator>.
WARNING:Xst:2677 - Node <comb2/d_out_16> of sequential type is unconnected in block <CIC_Interpolator>.
WARNING:Xst:2677 - Node <comb2/d_out_17> of sequential type is unconnected in block <CIC_Interpolator>.
WARNING:Xst:2677 - Node <comb2/d_out_18> of sequential type is unconnected in block <CIC_Interpolator>.
WARNING:Xst:2677 - Node <comb2/d_out_19> of sequential type is unconnected in block <CIC_Interpolator>.
WARNING:Xst:2677 - Node <comb2/d_out_20> of sequential type is unconnected in block <CIC_Interpolator>.
WARNING:Xst:2677 - Node <comb2/d_out_21> of sequential type is unconnected in block <CIC_Interpolator>.
WARNING:Xst:2677 - Node <comb2/d_out_22> of sequential type is unconnected in block <CIC_Interpolator>.
WARNING:Xst:2677 - Node <comb2/d_out_23> of sequential type is unconnected in block <CIC_Interpolator>.
WARNING:Xst:2677 - Node <comb2/d_out_24> of sequential type is unconnected in block <CIC_Interpolator>.
WARNING:Xst:2677 - Node <comb2/d_out_25> of sequential type is unconnected in block <CIC_Interpolator>.
WARNING:Xst:2677 - Node <comb2/d_out_26> of sequential type is unconnected in block <CIC_Interpolator>.
WARNING:Xst:2677 - Node <comb2/d_out_27> of sequential type is unconnected in block <CIC_Interpolator>.
WARNING:Xst:2677 - Node <comb2/d_out_28> of sequential type is unconnected in block <CIC_Interpolator>.
WARNING:Xst:2677 - Node <comb2/d_out_29> of sequential type is unconnected in block <CIC_Interpolator>.
WARNING:Xst:2677 - Node <comb2/d_out_30> of sequential type is unconnected in block <CIC_Interpolator>.
WARNING:Xst:2677 - Node <comb2/d_out_31> of sequential type is unconnected in block <CIC_Interpolator>.
WARNING:Xst:2677 - Node <comb3/mem_write_1> of sequential type is unconnected in block <CIC_Interpolator>.
WARNING:Xst:2677 - Node <comb3/mem_write_2> of sequential type is unconnected in block <CIC_Interpolator>.
WARNING:Xst:2677 - Node <comb3/mem_write_3> of sequential type is unconnected in block <CIC_Interpolator>.
WARNING:Xst:2677 - Node <comb3/mem_write_4> of sequential type is unconnected in block <CIC_Interpolator>.
WARNING:Xst:2677 - Node <comb3/mem_write_5> of sequential type is unconnected in block <CIC_Interpolator>.
WARNING:Xst:2677 - Node <comb3/mem_write_6> of sequential type is unconnected in block <CIC_Interpolator>.
WARNING:Xst:2677 - Node <comb3/mem_write_7> of sequential type is unconnected in block <CIC_Interpolator>.
WARNING:Xst:2677 - Node <comb3/mem_write_8> of sequential type is unconnected in block <CIC_Interpolator>.
WARNING:Xst:2677 - Node <comb3/mem_write_9> of sequential type is unconnected in block <CIC_Interpolator>.
WARNING:Xst:2677 - Node <comb3/mem_write_10> of sequential type is unconnected in block <CIC_Interpolator>.
WARNING:Xst:2677 - Node <comb3/mem_write_11> of sequential type is unconnected in block <CIC_Interpolator>.
WARNING:Xst:2677 - Node <comb3/mem_write_12> of sequential type is unconnected in block <CIC_Interpolator>.
WARNING:Xst:2677 - Node <comb3/mem_write_13> of sequential type is unconnected in block <CIC_Interpolator>.
WARNING:Xst:2677 - Node <comb3/mem_write_14> of sequential type is unconnected in block <CIC_Interpolator>.
WARNING:Xst:2677 - Node <comb3/mem_write_15> of sequential type is unconnected in block <CIC_Interpolator>.
WARNING:Xst:2677 - Node <comb3/mem_write_16> of sequential type is unconnected in block <CIC_Interpolator>.
WARNING:Xst:2677 - Node <comb3/mem_write_17> of sequential type is unconnected in block <CIC_Interpolator>.
WARNING:Xst:2677 - Node <comb3/mem_write_18> of sequential type is unconnected in block <CIC_Interpolator>.
WARNING:Xst:2677 - Node <comb3/mem_write_19> of sequential type is unconnected in block <CIC_Interpolator>.
WARNING:Xst:2677 - Node <comb3/mem_write_20> of sequential type is unconnected in block <CIC_Interpolator>.
WARNING:Xst:2677 - Node <comb3/mem_write_21> of sequential type is unconnected in block <CIC_Interpolator>.
WARNING:Xst:2677 - Node <comb3/mem_write_22> of sequential type is unconnected in block <CIC_Interpolator>.
WARNING:Xst:2677 - Node <comb3/mem_write_23> of sequential type is unconnected in block <CIC_Interpolator>.
WARNING:Xst:2677 - Node <comb3/mem_write_24> of sequential type is unconnected in block <CIC_Interpolator>.
WARNING:Xst:2677 - Node <comb3/mem_write_25> of sequential type is unconnected in block <CIC_Interpolator>.
WARNING:Xst:2677 - Node <comb3/mem_write_26> of sequential type is unconnected in block <CIC_Interpolator>.
WARNING:Xst:2677 - Node <comb3/mem_write_27> of sequential type is unconnected in block <CIC_Interpolator>.
WARNING:Xst:2677 - Node <comb3/mem_write_28> of sequential type is unconnected in block <CIC_Interpolator>.
WARNING:Xst:2677 - Node <comb3/mem_write_29> of sequential type is unconnected in block <CIC_Interpolator>.
WARNING:Xst:2677 - Node <comb3/mem_write_30> of sequential type is unconnected in block <CIC_Interpolator>.
WARNING:Xst:2677 - Node <comb3/mem_write_31> of sequential type is unconnected in block <CIC_Interpolator>.
WARNING:Xst:2677 - Node <comb3/d_out_1> of sequential type is unconnected in block <CIC_Interpolator>.
WARNING:Xst:2677 - Node <comb3/d_out_2> of sequential type is unconnected in block <CIC_Interpolator>.
WARNING:Xst:2677 - Node <comb3/d_out_3> of sequential type is unconnected in block <CIC_Interpolator>.
WARNING:Xst:2677 - Node <comb3/d_out_4> of sequential type is unconnected in block <CIC_Interpolator>.
WARNING:Xst:2677 - Node <comb3/d_out_5> of sequential type is unconnected in block <CIC_Interpolator>.
WARNING:Xst:2677 - Node <comb3/d_out_6> of sequential type is unconnected in block <CIC_Interpolator>.
WARNING:Xst:2677 - Node <comb3/d_out_7> of sequential type is unconnected in block <CIC_Interpolator>.
WARNING:Xst:2677 - Node <comb3/d_out_8> of sequential type is unconnected in block <CIC_Interpolator>.
WARNING:Xst:2677 - Node <comb3/d_out_9> of sequential type is unconnected in block <CIC_Interpolator>.
WARNING:Xst:2677 - Node <comb3/d_out_10> of sequential type is unconnected in block <CIC_Interpolator>.
WARNING:Xst:2677 - Node <comb3/d_out_11> of sequential type is unconnected in block <CIC_Interpolator>.
WARNING:Xst:2677 - Node <comb3/d_out_12> of sequential type is unconnected in block <CIC_Interpolator>.
WARNING:Xst:2677 - Node <comb3/d_out_13> of sequential type is unconnected in block <CIC_Interpolator>.
WARNING:Xst:2677 - Node <comb3/d_out_14> of sequential type is unconnected in block <CIC_Interpolator>.
WARNING:Xst:2677 - Node <comb3/d_out_15> of sequential type is unconnected in block <CIC_Interpolator>.
WARNING:Xst:2677 - Node <comb3/d_out_16> of sequential type is unconnected in block <CIC_Interpolator>.
WARNING:Xst:2677 - Node <comb3/d_out_17> of sequential type is unconnected in block <CIC_Interpolator>.
WARNING:Xst:2677 - Node <comb3/d_out_18> of sequential type is unconnected in block <CIC_Interpolator>.
WARNING:Xst:2677 - Node <comb3/d_out_19> of sequential type is unconnected in block <CIC_Interpolator>.
WARNING:Xst:2677 - Node <comb3/d_out_20> of sequential type is unconnected in block <CIC_Interpolator>.
WARNING:Xst:2677 - Node <comb3/d_out_21> of sequential type is unconnected in block <CIC_Interpolator>.
WARNING:Xst:2677 - Node <comb3/d_out_22> of sequential type is unconnected in block <CIC_Interpolator>.
WARNING:Xst:2677 - Node <comb3/d_out_23> of sequential type is unconnected in block <CIC_Interpolator>.
WARNING:Xst:2677 - Node <comb3/d_out_24> of sequential type is unconnected in block <CIC_Interpolator>.
WARNING:Xst:2677 - Node <comb3/d_out_25> of sequential type is unconnected in block <CIC_Interpolator>.
WARNING:Xst:2677 - Node <comb3/d_out_26> of sequential type is unconnected in block <CIC_Interpolator>.
WARNING:Xst:2677 - Node <comb3/d_out_27> of sequential type is unconnected in block <CIC_Interpolator>.
WARNING:Xst:2677 - Node <comb3/d_out_28> of sequential type is unconnected in block <CIC_Interpolator>.
WARNING:Xst:2677 - Node <comb3/d_out_29> of sequential type is unconnected in block <CIC_Interpolator>.
WARNING:Xst:2677 - Node <comb3/d_out_30> of sequential type is unconnected in block <CIC_Interpolator>.
WARNING:Xst:2677 - Node <comb3/d_out_31> of sequential type is unconnected in block <CIC_Interpolator>.
WARNING:Xst:2677 - Node <comb4/mem_write_1> of sequential type is unconnected in block <CIC_Interpolator>.
WARNING:Xst:2677 - Node <comb4/mem_write_2> of sequential type is unconnected in block <CIC_Interpolator>.
WARNING:Xst:2677 - Node <comb4/mem_write_3> of sequential type is unconnected in block <CIC_Interpolator>.
WARNING:Xst:2677 - Node <comb4/mem_write_4> of sequential type is unconnected in block <CIC_Interpolator>.
WARNING:Xst:2677 - Node <comb4/mem_write_5> of sequential type is unconnected in block <CIC_Interpolator>.
WARNING:Xst:2677 - Node <comb4/mem_write_6> of sequential type is unconnected in block <CIC_Interpolator>.
WARNING:Xst:2677 - Node <comb4/mem_write_7> of sequential type is unconnected in block <CIC_Interpolator>.
WARNING:Xst:2677 - Node <comb4/mem_write_8> of sequential type is unconnected in block <CIC_Interpolator>.
WARNING:Xst:2677 - Node <comb4/mem_write_9> of sequential type is unconnected in block <CIC_Interpolator>.
WARNING:Xst:2677 - Node <comb4/mem_write_10> of sequential type is unconnected in block <CIC_Interpolator>.
WARNING:Xst:2677 - Node <comb4/mem_write_11> of sequential type is unconnected in block <CIC_Interpolator>.
WARNING:Xst:2677 - Node <comb4/mem_write_12> of sequential type is unconnected in block <CIC_Interpolator>.
WARNING:Xst:2677 - Node <comb4/mem_write_13> of sequential type is unconnected in block <CIC_Interpolator>.
WARNING:Xst:2677 - Node <comb4/mem_write_14> of sequential type is unconnected in block <CIC_Interpolator>.
WARNING:Xst:2677 - Node <comb4/mem_write_15> of sequential type is unconnected in block <CIC_Interpolator>.
WARNING:Xst:2677 - Node <comb4/mem_write_16> of sequential type is unconnected in block <CIC_Interpolator>.
WARNING:Xst:2677 - Node <comb4/mem_write_17> of sequential type is unconnected in block <CIC_Interpolator>.
WARNING:Xst:2677 - Node <comb4/mem_write_18> of sequential type is unconnected in block <CIC_Interpolator>.
WARNING:Xst:2677 - Node <comb4/mem_write_19> of sequential type is unconnected in block <CIC_Interpolator>.
WARNING:Xst:2677 - Node <comb4/mem_write_20> of sequential type is unconnected in block <CIC_Interpolator>.
WARNING:Xst:2677 - Node <comb4/mem_write_21> of sequential type is unconnected in block <CIC_Interpolator>.
WARNING:Xst:2677 - Node <comb4/mem_write_22> of sequential type is unconnected in block <CIC_Interpolator>.
WARNING:Xst:2677 - Node <comb4/mem_write_23> of sequential type is unconnected in block <CIC_Interpolator>.
WARNING:Xst:2677 - Node <comb4/mem_write_24> of sequential type is unconnected in block <CIC_Interpolator>.
WARNING:Xst:2677 - Node <comb4/mem_write_25> of sequential type is unconnected in block <CIC_Interpolator>.
WARNING:Xst:2677 - Node <comb4/mem_write_26> of sequential type is unconnected in block <CIC_Interpolator>.
WARNING:Xst:2677 - Node <comb4/mem_write_27> of sequential type is unconnected in block <CIC_Interpolator>.
WARNING:Xst:2677 - Node <comb4/mem_write_28> of sequential type is unconnected in block <CIC_Interpolator>.
WARNING:Xst:2677 - Node <comb4/mem_write_29> of sequential type is unconnected in block <CIC_Interpolator>.
WARNING:Xst:2677 - Node <comb4/mem_write_30> of sequential type is unconnected in block <CIC_Interpolator>.
WARNING:Xst:2677 - Node <comb4/mem_write_31> of sequential type is unconnected in block <CIC_Interpolator>.
WARNING:Xst:2677 - Node <comb4/d_out_1> of sequential type is unconnected in block <CIC_Interpolator>.
WARNING:Xst:2677 - Node <comb4/d_out_2> of sequential type is unconnected in block <CIC_Interpolator>.
WARNING:Xst:2677 - Node <comb4/d_out_3> of sequential type is unconnected in block <CIC_Interpolator>.
WARNING:Xst:2677 - Node <comb4/d_out_4> of sequential type is unconnected in block <CIC_Interpolator>.
WARNING:Xst:2677 - Node <comb4/d_out_5> of sequential type is unconnected in block <CIC_Interpolator>.
WARNING:Xst:2677 - Node <comb4/d_out_6> of sequential type is unconnected in block <CIC_Interpolator>.
WARNING:Xst:2677 - Node <comb4/d_out_7> of sequential type is unconnected in block <CIC_Interpolator>.
WARNING:Xst:2677 - Node <comb4/d_out_8> of sequential type is unconnected in block <CIC_Interpolator>.
WARNING:Xst:2677 - Node <comb4/d_out_9> of sequential type is unconnected in block <CIC_Interpolator>.
WARNING:Xst:2677 - Node <comb4/d_out_10> of sequential type is unconnected in block <CIC_Interpolator>.
WARNING:Xst:2677 - Node <comb4/d_out_11> of sequential type is unconnected in block <CIC_Interpolator>.
WARNING:Xst:2677 - Node <comb4/d_out_12> of sequential type is unconnected in block <CIC_Interpolator>.
WARNING:Xst:2677 - Node <comb4/d_out_13> of sequential type is unconnected in block <CIC_Interpolator>.
WARNING:Xst:2677 - Node <comb4/d_out_14> of sequential type is unconnected in block <CIC_Interpolator>.
WARNING:Xst:2677 - Node <comb4/d_out_15> of sequential type is unconnected in block <CIC_Interpolator>.
WARNING:Xst:2677 - Node <comb4/d_out_16> of sequential type is unconnected in block <CIC_Interpolator>.
WARNING:Xst:2677 - Node <comb4/d_out_17> of sequential type is unconnected in block <CIC_Interpolator>.
WARNING:Xst:2677 - Node <comb4/d_out_18> of sequential type is unconnected in block <CIC_Interpolator>.
WARNING:Xst:2677 - Node <comb4/d_out_19> of sequential type is unconnected in block <CIC_Interpolator>.
WARNING:Xst:2677 - Node <comb4/d_out_20> of sequential type is unconnected in block <CIC_Interpolator>.
WARNING:Xst:2677 - Node <comb4/d_out_21> of sequential type is unconnected in block <CIC_Interpolator>.
WARNING:Xst:2677 - Node <comb4/d_out_22> of sequential type is unconnected in block <CIC_Interpolator>.
WARNING:Xst:2677 - Node <comb4/d_out_23> of sequential type is unconnected in block <CIC_Interpolator>.
WARNING:Xst:2677 - Node <comb4/d_out_24> of sequential type is unconnected in block <CIC_Interpolator>.
WARNING:Xst:2677 - Node <comb4/d_out_25> of sequential type is unconnected in block <CIC_Interpolator>.
WARNING:Xst:2677 - Node <comb4/d_out_26> of sequential type is unconnected in block <CIC_Interpolator>.
WARNING:Xst:2677 - Node <comb4/d_out_27> of sequential type is unconnected in block <CIC_Interpolator>.
WARNING:Xst:2677 - Node <comb4/d_out_28> of sequential type is unconnected in block <CIC_Interpolator>.
WARNING:Xst:2677 - Node <comb4/d_out_29> of sequential type is unconnected in block <CIC_Interpolator>.
WARNING:Xst:2677 - Node <comb4/d_out_30> of sequential type is unconnected in block <CIC_Interpolator>.
WARNING:Xst:2677 - Node <comb4/d_out_31> of sequential type is unconnected in block <CIC_Interpolator>.
WARNING:Xst:2677 - Node <comb1/memory/o_data_31> of sequential type is unconnected in block <CIC_Interpolator>.
WARNING:Xst:2677 - Node <comb1/memory/o_data_30> of sequential type is unconnected in block <CIC_Interpolator>.
WARNING:Xst:2677 - Node <comb1/memory/o_data_29> of sequential type is unconnected in block <CIC_Interpolator>.
WARNING:Xst:2677 - Node <comb1/memory/o_data_28> of sequential type is unconnected in block <CIC_Interpolator>.
WARNING:Xst:2677 - Node <comb1/memory/o_data_27> of sequential type is unconnected in block <CIC_Interpolator>.
WARNING:Xst:2677 - Node <comb1/memory/o_data_26> of sequential type is unconnected in block <CIC_Interpolator>.
WARNING:Xst:2677 - Node <comb1/memory/o_data_25> of sequential type is unconnected in block <CIC_Interpolator>.
WARNING:Xst:2677 - Node <comb1/memory/o_data_24> of sequential type is unconnected in block <CIC_Interpolator>.
WARNING:Xst:2677 - Node <comb1/memory/o_data_23> of sequential type is unconnected in block <CIC_Interpolator>.
WARNING:Xst:2677 - Node <comb1/memory/o_data_22> of sequential type is unconnected in block <CIC_Interpolator>.
WARNING:Xst:2677 - Node <comb1/memory/o_data_21> of sequential type is unconnected in block <CIC_Interpolator>.
WARNING:Xst:2677 - Node <comb1/memory/o_data_20> of sequential type is unconnected in block <CIC_Interpolator>.
WARNING:Xst:2677 - Node <comb1/memory/o_data_19> of sequential type is unconnected in block <CIC_Interpolator>.
WARNING:Xst:2677 - Node <comb1/memory/o_data_18> of sequential type is unconnected in block <CIC_Interpolator>.
WARNING:Xst:2677 - Node <comb1/memory/o_data_17> of sequential type is unconnected in block <CIC_Interpolator>.
WARNING:Xst:2677 - Node <comb1/memory/o_data_16> of sequential type is unconnected in block <CIC_Interpolator>.
WARNING:Xst:2677 - Node <comb1/memory/o_data_15> of sequential type is unconnected in block <CIC_Interpolator>.
WARNING:Xst:2677 - Node <comb1/memory/o_data_14> of sequential type is unconnected in block <CIC_Interpolator>.
WARNING:Xst:2677 - Node <comb1/memory/o_data_13> of sequential type is unconnected in block <CIC_Interpolator>.
WARNING:Xst:2677 - Node <comb1/memory/o_data_12> of sequential type is unconnected in block <CIC_Interpolator>.
WARNING:Xst:2677 - Node <comb1/memory/o_data_11> of sequential type is unconnected in block <CIC_Interpolator>.
WARNING:Xst:2677 - Node <comb1/memory/o_data_10> of sequential type is unconnected in block <CIC_Interpolator>.
WARNING:Xst:2677 - Node <comb1/memory/o_data_9> of sequential type is unconnected in block <CIC_Interpolator>.
WARNING:Xst:2677 - Node <comb1/memory/o_data_8> of sequential type is unconnected in block <CIC_Interpolator>.
WARNING:Xst:2677 - Node <comb1/memory/o_data_7> of sequential type is unconnected in block <CIC_Interpolator>.
WARNING:Xst:2677 - Node <comb1/memory/o_data_6> of sequential type is unconnected in block <CIC_Interpolator>.
WARNING:Xst:2677 - Node <comb1/memory/o_data_5> of sequential type is unconnected in block <CIC_Interpolator>.
WARNING:Xst:2677 - Node <comb1/memory/o_data_4> of sequential type is unconnected in block <CIC_Interpolator>.
WARNING:Xst:2677 - Node <comb1/memory/o_data_3> of sequential type is unconnected in block <CIC_Interpolator>.
WARNING:Xst:2677 - Node <comb1/memory/o_data_2> of sequential type is unconnected in block <CIC_Interpolator>.
WARNING:Xst:2677 - Node <comb1/memory/o_data_1> of sequential type is unconnected in block <CIC_Interpolator>.
WARNING:Xst:2677 - Node <comb1/memory/memory_array_0_31> of sequential type is unconnected in block <CIC_Interpolator>.
WARNING:Xst:2677 - Node <comb1/memory/memory_array_0_30> of sequential type is unconnected in block <CIC_Interpolator>.
WARNING:Xst:2677 - Node <comb1/memory/memory_array_0_29> of sequential type is unconnected in block <CIC_Interpolator>.
WARNING:Xst:2677 - Node <comb1/memory/memory_array_0_28> of sequential type is unconnected in block <CIC_Interpolator>.
WARNING:Xst:2677 - Node <comb1/memory/memory_array_0_27> of sequential type is unconnected in block <CIC_Interpolator>.
WARNING:Xst:2677 - Node <comb1/memory/memory_array_0_26> of sequential type is unconnected in block <CIC_Interpolator>.
WARNING:Xst:2677 - Node <comb1/memory/memory_array_0_25> of sequential type is unconnected in block <CIC_Interpolator>.
WARNING:Xst:2677 - Node <comb1/memory/memory_array_0_24> of sequential type is unconnected in block <CIC_Interpolator>.
WARNING:Xst:2677 - Node <comb1/memory/memory_array_0_23> of sequential type is unconnected in block <CIC_Interpolator>.
WARNING:Xst:2677 - Node <comb1/memory/memory_array_0_22> of sequential type is unconnected in block <CIC_Interpolator>.
WARNING:Xst:2677 - Node <comb1/memory/memory_array_0_21> of sequential type is unconnected in block <CIC_Interpolator>.
WARNING:Xst:2677 - Node <comb1/memory/memory_array_0_20> of sequential type is unconnected in block <CIC_Interpolator>.
WARNING:Xst:2677 - Node <comb1/memory/memory_array_0_19> of sequential type is unconnected in block <CIC_Interpolator>.
WARNING:Xst:2677 - Node <comb1/memory/memory_array_0_18> of sequential type is unconnected in block <CIC_Interpolator>.
WARNING:Xst:2677 - Node <comb1/memory/memory_array_0_17> of sequential type is unconnected in block <CIC_Interpolator>.
WARNING:Xst:2677 - Node <comb1/memory/memory_array_0_16> of sequential type is unconnected in block <CIC_Interpolator>.
WARNING:Xst:2677 - Node <comb1/memory/memory_array_0_15> of sequential type is unconnected in block <CIC_Interpolator>.
WARNING:Xst:2677 - Node <comb1/memory/memory_array_0_14> of sequential type is unconnected in block <CIC_Interpolator>.
WARNING:Xst:2677 - Node <comb1/memory/memory_array_0_13> of sequential type is unconnected in block <CIC_Interpolator>.
WARNING:Xst:2677 - Node <comb1/memory/memory_array_0_12> of sequential type is unconnected in block <CIC_Interpolator>.
WARNING:Xst:2677 - Node <comb1/memory/memory_array_0_11> of sequential type is unconnected in block <CIC_Interpolator>.
WARNING:Xst:2677 - Node <comb1/memory/memory_array_0_10> of sequential type is unconnected in block <CIC_Interpolator>.
WARNING:Xst:2677 - Node <comb1/memory/memory_array_0_9> of sequential type is unconnected in block <CIC_Interpolator>.
WARNING:Xst:2677 - Node <comb1/memory/memory_array_0_8> of sequential type is unconnected in block <CIC_Interpolator>.
WARNING:Xst:2677 - Node <comb1/memory/memory_array_0_7> of sequential type is unconnected in block <CIC_Interpolator>.
WARNING:Xst:2677 - Node <comb1/memory/memory_array_0_6> of sequential type is unconnected in block <CIC_Interpolator>.
WARNING:Xst:2677 - Node <comb1/memory/memory_array_0_5> of sequential type is unconnected in block <CIC_Interpolator>.
WARNING:Xst:2677 - Node <comb1/memory/memory_array_0_4> of sequential type is unconnected in block <CIC_Interpolator>.
WARNING:Xst:2677 - Node <comb1/memory/memory_array_0_3> of sequential type is unconnected in block <CIC_Interpolator>.
WARNING:Xst:2677 - Node <comb1/memory/memory_array_0_2> of sequential type is unconnected in block <CIC_Interpolator>.
WARNING:Xst:2677 - Node <comb1/memory/memory_array_0_1> of sequential type is unconnected in block <CIC_Interpolator>.
WARNING:Xst:2677 - Node <comb2/memory/o_data_31> of sequential type is unconnected in block <CIC_Interpolator>.
WARNING:Xst:2677 - Node <comb2/memory/o_data_30> of sequential type is unconnected in block <CIC_Interpolator>.
WARNING:Xst:2677 - Node <comb2/memory/o_data_29> of sequential type is unconnected in block <CIC_Interpolator>.
WARNING:Xst:2677 - Node <comb2/memory/o_data_28> of sequential type is unconnected in block <CIC_Interpolator>.
WARNING:Xst:2677 - Node <comb2/memory/o_data_27> of sequential type is unconnected in block <CIC_Interpolator>.
WARNING:Xst:2677 - Node <comb2/memory/o_data_26> of sequential type is unconnected in block <CIC_Interpolator>.
WARNING:Xst:2677 - Node <comb2/memory/o_data_25> of sequential type is unconnected in block <CIC_Interpolator>.
WARNING:Xst:2677 - Node <comb2/memory/o_data_24> of sequential type is unconnected in block <CIC_Interpolator>.
WARNING:Xst:2677 - Node <comb2/memory/o_data_23> of sequential type is unconnected in block <CIC_Interpolator>.
WARNING:Xst:2677 - Node <comb2/memory/o_data_22> of sequential type is unconnected in block <CIC_Interpolator>.
WARNING:Xst:2677 - Node <comb2/memory/o_data_21> of sequential type is unconnected in block <CIC_Interpolator>.
WARNING:Xst:2677 - Node <comb2/memory/o_data_20> of sequential type is unconnected in block <CIC_Interpolator>.
WARNING:Xst:2677 - Node <comb2/memory/o_data_19> of sequential type is unconnected in block <CIC_Interpolator>.
WARNING:Xst:2677 - Node <comb2/memory/o_data_18> of sequential type is unconnected in block <CIC_Interpolator>.
WARNING:Xst:2677 - Node <comb2/memory/o_data_17> of sequential type is unconnected in block <CIC_Interpolator>.
WARNING:Xst:2677 - Node <comb2/memory/o_data_16> of sequential type is unconnected in block <CIC_Interpolator>.
WARNING:Xst:2677 - Node <comb2/memory/o_data_15> of sequential type is unconnected in block <CIC_Interpolator>.
WARNING:Xst:2677 - Node <comb2/memory/o_data_14> of sequential type is unconnected in block <CIC_Interpolator>.
WARNING:Xst:2677 - Node <comb2/memory/o_data_13> of sequential type is unconnected in block <CIC_Interpolator>.
WARNING:Xst:2677 - Node <comb2/memory/o_data_12> of sequential type is unconnected in block <CIC_Interpolator>.
WARNING:Xst:2677 - Node <comb2/memory/o_data_11> of sequential type is unconnected in block <CIC_Interpolator>.
WARNING:Xst:2677 - Node <comb2/memory/o_data_10> of sequential type is unconnected in block <CIC_Interpolator>.
WARNING:Xst:2677 - Node <comb2/memory/o_data_9> of sequential type is unconnected in block <CIC_Interpolator>.
WARNING:Xst:2677 - Node <comb2/memory/o_data_8> of sequential type is unconnected in block <CIC_Interpolator>.
WARNING:Xst:2677 - Node <comb2/memory/o_data_7> of sequential type is unconnected in block <CIC_Interpolator>.
WARNING:Xst:2677 - Node <comb2/memory/o_data_6> of sequential type is unconnected in block <CIC_Interpolator>.
WARNING:Xst:2677 - Node <comb2/memory/o_data_5> of sequential type is unconnected in block <CIC_Interpolator>.
WARNING:Xst:2677 - Node <comb2/memory/o_data_4> of sequential type is unconnected in block <CIC_Interpolator>.
WARNING:Xst:2677 - Node <comb2/memory/o_data_3> of sequential type is unconnected in block <CIC_Interpolator>.
WARNING:Xst:2677 - Node <comb2/memory/o_data_2> of sequential type is unconnected in block <CIC_Interpolator>.
WARNING:Xst:2677 - Node <comb2/memory/o_data_1> of sequential type is unconnected in block <CIC_Interpolator>.
WARNING:Xst:2677 - Node <comb2/memory/memory_array_0_31> of sequential type is unconnected in block <CIC_Interpolator>.
WARNING:Xst:2677 - Node <comb2/memory/memory_array_0_30> of sequential type is unconnected in block <CIC_Interpolator>.
WARNING:Xst:2677 - Node <comb2/memory/memory_array_0_29> of sequential type is unconnected in block <CIC_Interpolator>.
WARNING:Xst:2677 - Node <comb2/memory/memory_array_0_28> of sequential type is unconnected in block <CIC_Interpolator>.
WARNING:Xst:2677 - Node <comb2/memory/memory_array_0_27> of sequential type is unconnected in block <CIC_Interpolator>.
WARNING:Xst:2677 - Node <comb2/memory/memory_array_0_26> of sequential type is unconnected in block <CIC_Interpolator>.
WARNING:Xst:2677 - Node <comb2/memory/memory_array_0_25> of sequential type is unconnected in block <CIC_Interpolator>.
WARNING:Xst:2677 - Node <comb2/memory/memory_array_0_24> of sequential type is unconnected in block <CIC_Interpolator>.
WARNING:Xst:2677 - Node <comb2/memory/memory_array_0_23> of sequential type is unconnected in block <CIC_Interpolator>.
WARNING:Xst:2677 - Node <comb2/memory/memory_array_0_22> of sequential type is unconnected in block <CIC_Interpolator>.
WARNING:Xst:2677 - Node <comb2/memory/memory_array_0_21> of sequential type is unconnected in block <CIC_Interpolator>.
WARNING:Xst:2677 - Node <comb2/memory/memory_array_0_20> of sequential type is unconnected in block <CIC_Interpolator>.
WARNING:Xst:2677 - Node <comb2/memory/memory_array_0_19> of sequential type is unconnected in block <CIC_Interpolator>.
WARNING:Xst:2677 - Node <comb2/memory/memory_array_0_18> of sequential type is unconnected in block <CIC_Interpolator>.
WARNING:Xst:2677 - Node <comb2/memory/memory_array_0_17> of sequential type is unconnected in block <CIC_Interpolator>.
WARNING:Xst:2677 - Node <comb2/memory/memory_array_0_16> of sequential type is unconnected in block <CIC_Interpolator>.
WARNING:Xst:2677 - Node <comb2/memory/memory_array_0_15> of sequential type is unconnected in block <CIC_Interpolator>.
WARNING:Xst:2677 - Node <comb2/memory/memory_array_0_14> of sequential type is unconnected in block <CIC_Interpolator>.
WARNING:Xst:2677 - Node <comb2/memory/memory_array_0_13> of sequential type is unconnected in block <CIC_Interpolator>.
WARNING:Xst:2677 - Node <comb2/memory/memory_array_0_12> of sequential type is unconnected in block <CIC_Interpolator>.
WARNING:Xst:2677 - Node <comb2/memory/memory_array_0_11> of sequential type is unconnected in block <CIC_Interpolator>.
WARNING:Xst:2677 - Node <comb2/memory/memory_array_0_10> of sequential type is unconnected in block <CIC_Interpolator>.
WARNING:Xst:2677 - Node <comb2/memory/memory_array_0_9> of sequential type is unconnected in block <CIC_Interpolator>.
WARNING:Xst:2677 - Node <comb2/memory/memory_array_0_8> of sequential type is unconnected in block <CIC_Interpolator>.
WARNING:Xst:2677 - Node <comb2/memory/memory_array_0_7> of sequential type is unconnected in block <CIC_Interpolator>.
WARNING:Xst:2677 - Node <comb2/memory/memory_array_0_6> of sequential type is unconnected in block <CIC_Interpolator>.
WARNING:Xst:2677 - Node <comb2/memory/memory_array_0_5> of sequential type is unconnected in block <CIC_Interpolator>.
WARNING:Xst:2677 - Node <comb2/memory/memory_array_0_4> of sequential type is unconnected in block <CIC_Interpolator>.
WARNING:Xst:2677 - Node <comb2/memory/memory_array_0_3> of sequential type is unconnected in block <CIC_Interpolator>.
WARNING:Xst:2677 - Node <comb2/memory/memory_array_0_2> of sequential type is unconnected in block <CIC_Interpolator>.
WARNING:Xst:2677 - Node <comb2/memory/memory_array_0_1> of sequential type is unconnected in block <CIC_Interpolator>.
WARNING:Xst:2677 - Node <comb3/memory/o_data_31> of sequential type is unconnected in block <CIC_Interpolator>.
WARNING:Xst:2677 - Node <comb3/memory/o_data_30> of sequential type is unconnected in block <CIC_Interpolator>.
WARNING:Xst:2677 - Node <comb3/memory/o_data_29> of sequential type is unconnected in block <CIC_Interpolator>.
WARNING:Xst:2677 - Node <comb3/memory/o_data_28> of sequential type is unconnected in block <CIC_Interpolator>.
WARNING:Xst:2677 - Node <comb3/memory/o_data_27> of sequential type is unconnected in block <CIC_Interpolator>.
WARNING:Xst:2677 - Node <comb3/memory/o_data_26> of sequential type is unconnected in block <CIC_Interpolator>.
WARNING:Xst:2677 - Node <comb3/memory/o_data_25> of sequential type is unconnected in block <CIC_Interpolator>.
WARNING:Xst:2677 - Node <comb3/memory/o_data_24> of sequential type is unconnected in block <CIC_Interpolator>.
WARNING:Xst:2677 - Node <comb3/memory/o_data_23> of sequential type is unconnected in block <CIC_Interpolator>.
WARNING:Xst:2677 - Node <comb3/memory/o_data_22> of sequential type is unconnected in block <CIC_Interpolator>.
WARNING:Xst:2677 - Node <comb3/memory/o_data_21> of sequential type is unconnected in block <CIC_Interpolator>.
WARNING:Xst:2677 - Node <comb3/memory/o_data_20> of sequential type is unconnected in block <CIC_Interpolator>.
WARNING:Xst:2677 - Node <comb3/memory/o_data_19> of sequential type is unconnected in block <CIC_Interpolator>.
WARNING:Xst:2677 - Node <comb3/memory/o_data_18> of sequential type is unconnected in block <CIC_Interpolator>.
WARNING:Xst:2677 - Node <comb3/memory/o_data_17> of sequential type is unconnected in block <CIC_Interpolator>.
WARNING:Xst:2677 - Node <comb3/memory/o_data_16> of sequential type is unconnected in block <CIC_Interpolator>.
WARNING:Xst:2677 - Node <comb3/memory/o_data_15> of sequential type is unconnected in block <CIC_Interpolator>.
WARNING:Xst:2677 - Node <comb3/memory/o_data_14> of sequential type is unconnected in block <CIC_Interpolator>.
WARNING:Xst:2677 - Node <comb3/memory/o_data_13> of sequential type is unconnected in block <CIC_Interpolator>.
WARNING:Xst:2677 - Node <comb3/memory/o_data_12> of sequential type is unconnected in block <CIC_Interpolator>.
WARNING:Xst:2677 - Node <comb3/memory/o_data_11> of sequential type is unconnected in block <CIC_Interpolator>.
WARNING:Xst:2677 - Node <comb3/memory/o_data_10> of sequential type is unconnected in block <CIC_Interpolator>.
WARNING:Xst:2677 - Node <comb3/memory/o_data_9> of sequential type is unconnected in block <CIC_Interpolator>.
WARNING:Xst:2677 - Node <comb3/memory/o_data_8> of sequential type is unconnected in block <CIC_Interpolator>.
WARNING:Xst:2677 - Node <comb3/memory/o_data_7> of sequential type is unconnected in block <CIC_Interpolator>.
WARNING:Xst:2677 - Node <comb3/memory/o_data_6> of sequential type is unconnected in block <CIC_Interpolator>.
WARNING:Xst:2677 - Node <comb3/memory/o_data_5> of sequential type is unconnected in block <CIC_Interpolator>.
WARNING:Xst:2677 - Node <comb3/memory/o_data_4> of sequential type is unconnected in block <CIC_Interpolator>.
WARNING:Xst:2677 - Node <comb3/memory/o_data_3> of sequential type is unconnected in block <CIC_Interpolator>.
WARNING:Xst:2677 - Node <comb3/memory/o_data_2> of sequential type is unconnected in block <CIC_Interpolator>.
WARNING:Xst:2677 - Node <comb3/memory/o_data_1> of sequential type is unconnected in block <CIC_Interpolator>.
WARNING:Xst:2677 - Node <comb3/memory/memory_array_0_31> of sequential type is unconnected in block <CIC_Interpolator>.
WARNING:Xst:2677 - Node <comb3/memory/memory_array_0_30> of sequential type is unconnected in block <CIC_Interpolator>.
WARNING:Xst:2677 - Node <comb3/memory/memory_array_0_29> of sequential type is unconnected in block <CIC_Interpolator>.
WARNING:Xst:2677 - Node <comb3/memory/memory_array_0_28> of sequential type is unconnected in block <CIC_Interpolator>.
WARNING:Xst:2677 - Node <comb3/memory/memory_array_0_27> of sequential type is unconnected in block <CIC_Interpolator>.
WARNING:Xst:2677 - Node <comb3/memory/memory_array_0_26> of sequential type is unconnected in block <CIC_Interpolator>.
WARNING:Xst:2677 - Node <comb3/memory/memory_array_0_25> of sequential type is unconnected in block <CIC_Interpolator>.
WARNING:Xst:2677 - Node <comb3/memory/memory_array_0_24> of sequential type is unconnected in block <CIC_Interpolator>.
WARNING:Xst:2677 - Node <comb3/memory/memory_array_0_23> of sequential type is unconnected in block <CIC_Interpolator>.
WARNING:Xst:2677 - Node <comb3/memory/memory_array_0_22> of sequential type is unconnected in block <CIC_Interpolator>.
WARNING:Xst:2677 - Node <comb3/memory/memory_array_0_21> of sequential type is unconnected in block <CIC_Interpolator>.
WARNING:Xst:2677 - Node <comb3/memory/memory_array_0_20> of sequential type is unconnected in block <CIC_Interpolator>.
WARNING:Xst:2677 - Node <comb3/memory/memory_array_0_19> of sequential type is unconnected in block <CIC_Interpolator>.
WARNING:Xst:2677 - Node <comb3/memory/memory_array_0_18> of sequential type is unconnected in block <CIC_Interpolator>.
WARNING:Xst:2677 - Node <comb3/memory/memory_array_0_17> of sequential type is unconnected in block <CIC_Interpolator>.
WARNING:Xst:2677 - Node <comb3/memory/memory_array_0_16> of sequential type is unconnected in block <CIC_Interpolator>.
WARNING:Xst:2677 - Node <comb3/memory/memory_array_0_15> of sequential type is unconnected in block <CIC_Interpolator>.
WARNING:Xst:2677 - Node <comb3/memory/memory_array_0_14> of sequential type is unconnected in block <CIC_Interpolator>.
WARNING:Xst:2677 - Node <comb3/memory/memory_array_0_13> of sequential type is unconnected in block <CIC_Interpolator>.
WARNING:Xst:2677 - Node <comb3/memory/memory_array_0_12> of sequential type is unconnected in block <CIC_Interpolator>.
WARNING:Xst:2677 - Node <comb3/memory/memory_array_0_11> of sequential type is unconnected in block <CIC_Interpolator>.
WARNING:Xst:2677 - Node <comb3/memory/memory_array_0_10> of sequential type is unconnected in block <CIC_Interpolator>.
WARNING:Xst:2677 - Node <comb3/memory/memory_array_0_9> of sequential type is unconnected in block <CIC_Interpolator>.
WARNING:Xst:2677 - Node <comb3/memory/memory_array_0_8> of sequential type is unconnected in block <CIC_Interpolator>.
WARNING:Xst:2677 - Node <comb3/memory/memory_array_0_7> of sequential type is unconnected in block <CIC_Interpolator>.
WARNING:Xst:2677 - Node <comb3/memory/memory_array_0_6> of sequential type is unconnected in block <CIC_Interpolator>.
WARNING:Xst:2677 - Node <comb3/memory/memory_array_0_5> of sequential type is unconnected in block <CIC_Interpolator>.
WARNING:Xst:2677 - Node <comb3/memory/memory_array_0_4> of sequential type is unconnected in block <CIC_Interpolator>.
WARNING:Xst:2677 - Node <comb3/memory/memory_array_0_3> of sequential type is unconnected in block <CIC_Interpolator>.
WARNING:Xst:2677 - Node <comb3/memory/memory_array_0_2> of sequential type is unconnected in block <CIC_Interpolator>.
WARNING:Xst:2677 - Node <comb3/memory/memory_array_0_1> of sequential type is unconnected in block <CIC_Interpolator>.
WARNING:Xst:2677 - Node <comb4/memory/o_data_31> of sequential type is unconnected in block <CIC_Interpolator>.
WARNING:Xst:2677 - Node <comb4/memory/o_data_30> of sequential type is unconnected in block <CIC_Interpolator>.
WARNING:Xst:2677 - Node <comb4/memory/o_data_29> of sequential type is unconnected in block <CIC_Interpolator>.
WARNING:Xst:2677 - Node <comb4/memory/o_data_28> of sequential type is unconnected in block <CIC_Interpolator>.
WARNING:Xst:2677 - Node <comb4/memory/o_data_27> of sequential type is unconnected in block <CIC_Interpolator>.
WARNING:Xst:2677 - Node <comb4/memory/o_data_26> of sequential type is unconnected in block <CIC_Interpolator>.
WARNING:Xst:2677 - Node <comb4/memory/o_data_25> of sequential type is unconnected in block <CIC_Interpolator>.
WARNING:Xst:2677 - Node <comb4/memory/o_data_24> of sequential type is unconnected in block <CIC_Interpolator>.
WARNING:Xst:2677 - Node <comb4/memory/o_data_23> of sequential type is unconnected in block <CIC_Interpolator>.
WARNING:Xst:2677 - Node <comb4/memory/o_data_22> of sequential type is unconnected in block <CIC_Interpolator>.
WARNING:Xst:2677 - Node <comb4/memory/o_data_21> of sequential type is unconnected in block <CIC_Interpolator>.
WARNING:Xst:2677 - Node <comb4/memory/o_data_20> of sequential type is unconnected in block <CIC_Interpolator>.
WARNING:Xst:2677 - Node <comb4/memory/o_data_19> of sequential type is unconnected in block <CIC_Interpolator>.
WARNING:Xst:2677 - Node <comb4/memory/o_data_18> of sequential type is unconnected in block <CIC_Interpolator>.
WARNING:Xst:2677 - Node <comb4/memory/o_data_17> of sequential type is unconnected in block <CIC_Interpolator>.
WARNING:Xst:2677 - Node <comb4/memory/o_data_16> of sequential type is unconnected in block <CIC_Interpolator>.
WARNING:Xst:2677 - Node <comb4/memory/o_data_15> of sequential type is unconnected in block <CIC_Interpolator>.
WARNING:Xst:2677 - Node <comb4/memory/o_data_14> of sequential type is unconnected in block <CIC_Interpolator>.
WARNING:Xst:2677 - Node <comb4/memory/o_data_13> of sequential type is unconnected in block <CIC_Interpolator>.
WARNING:Xst:2677 - Node <comb4/memory/o_data_12> of sequential type is unconnected in block <CIC_Interpolator>.
WARNING:Xst:2677 - Node <comb4/memory/o_data_11> of sequential type is unconnected in block <CIC_Interpolator>.
WARNING:Xst:2677 - Node <comb4/memory/o_data_10> of sequential type is unconnected in block <CIC_Interpolator>.
WARNING:Xst:2677 - Node <comb4/memory/o_data_9> of sequential type is unconnected in block <CIC_Interpolator>.
WARNING:Xst:2677 - Node <comb4/memory/o_data_8> of sequential type is unconnected in block <CIC_Interpolator>.
WARNING:Xst:2677 - Node <comb4/memory/o_data_7> of sequential type is unconnected in block <CIC_Interpolator>.
WARNING:Xst:2677 - Node <comb4/memory/o_data_6> of sequential type is unconnected in block <CIC_Interpolator>.
WARNING:Xst:2677 - Node <comb4/memory/o_data_5> of sequential type is unconnected in block <CIC_Interpolator>.
WARNING:Xst:2677 - Node <comb4/memory/o_data_4> of sequential type is unconnected in block <CIC_Interpolator>.
WARNING:Xst:2677 - Node <comb4/memory/o_data_3> of sequential type is unconnected in block <CIC_Interpolator>.
WARNING:Xst:2677 - Node <comb4/memory/o_data_2> of sequential type is unconnected in block <CIC_Interpolator>.
WARNING:Xst:2677 - Node <comb4/memory/o_data_1> of sequential type is unconnected in block <CIC_Interpolator>.
WARNING:Xst:2677 - Node <comb4/memory/memory_array_0_31> of sequential type is unconnected in block <CIC_Interpolator>.
WARNING:Xst:2677 - Node <comb4/memory/memory_array_0_30> of sequential type is unconnected in block <CIC_Interpolator>.
WARNING:Xst:2677 - Node <comb4/memory/memory_array_0_29> of sequential type is unconnected in block <CIC_Interpolator>.
WARNING:Xst:2677 - Node <comb4/memory/memory_array_0_28> of sequential type is unconnected in block <CIC_Interpolator>.
WARNING:Xst:2677 - Node <comb4/memory/memory_array_0_27> of sequential type is unconnected in block <CIC_Interpolator>.
WARNING:Xst:2677 - Node <comb4/memory/memory_array_0_26> of sequential type is unconnected in block <CIC_Interpolator>.
WARNING:Xst:2677 - Node <comb4/memory/memory_array_0_25> of sequential type is unconnected in block <CIC_Interpolator>.
WARNING:Xst:2677 - Node <comb4/memory/memory_array_0_24> of sequential type is unconnected in block <CIC_Interpolator>.
WARNING:Xst:2677 - Node <comb4/memory/memory_array_0_23> of sequential type is unconnected in block <CIC_Interpolator>.
WARNING:Xst:2677 - Node <comb4/memory/memory_array_0_22> of sequential type is unconnected in block <CIC_Interpolator>.
WARNING:Xst:2677 - Node <comb4/memory/memory_array_0_21> of sequential type is unconnected in block <CIC_Interpolator>.
WARNING:Xst:2677 - Node <comb4/memory/memory_array_0_20> of sequential type is unconnected in block <CIC_Interpolator>.
WARNING:Xst:2677 - Node <comb4/memory/memory_array_0_19> of sequential type is unconnected in block <CIC_Interpolator>.
WARNING:Xst:2677 - Node <comb4/memory/memory_array_0_18> of sequential type is unconnected in block <CIC_Interpolator>.
WARNING:Xst:2677 - Node <comb4/memory/memory_array_0_17> of sequential type is unconnected in block <CIC_Interpolator>.
WARNING:Xst:2677 - Node <comb4/memory/memory_array_0_16> of sequential type is unconnected in block <CIC_Interpolator>.
WARNING:Xst:2677 - Node <comb4/memory/memory_array_0_15> of sequential type is unconnected in block <CIC_Interpolator>.
WARNING:Xst:2677 - Node <comb4/memory/memory_array_0_14> of sequential type is unconnected in block <CIC_Interpolator>.
WARNING:Xst:2677 - Node <comb4/memory/memory_array_0_13> of sequential type is unconnected in block <CIC_Interpolator>.
WARNING:Xst:2677 - Node <comb4/memory/memory_array_0_12> of sequential type is unconnected in block <CIC_Interpolator>.
WARNING:Xst:2677 - Node <comb4/memory/memory_array_0_11> of sequential type is unconnected in block <CIC_Interpolator>.
WARNING:Xst:2677 - Node <comb4/memory/memory_array_0_10> of sequential type is unconnected in block <CIC_Interpolator>.
WARNING:Xst:2677 - Node <comb4/memory/memory_array_0_9> of sequential type is unconnected in block <CIC_Interpolator>.
WARNING:Xst:2677 - Node <comb4/memory/memory_array_0_8> of sequential type is unconnected in block <CIC_Interpolator>.
WARNING:Xst:2677 - Node <comb4/memory/memory_array_0_7> of sequential type is unconnected in block <CIC_Interpolator>.
WARNING:Xst:2677 - Node <comb4/memory/memory_array_0_6> of sequential type is unconnected in block <CIC_Interpolator>.
WARNING:Xst:2677 - Node <comb4/memory/memory_array_0_5> of sequential type is unconnected in block <CIC_Interpolator>.
WARNING:Xst:2677 - Node <comb4/memory/memory_array_0_4> of sequential type is unconnected in block <CIC_Interpolator>.
WARNING:Xst:2677 - Node <comb4/memory/memory_array_0_3> of sequential type is unconnected in block <CIC_Interpolator>.
WARNING:Xst:2677 - Node <comb4/memory/memory_array_0_2> of sequential type is unconnected in block <CIC_Interpolator>.
WARNING:Xst:2677 - Node <comb4/memory/memory_array_0_1> of sequential type is unconnected in block <CIC_Interpolator>.
WARNING:Xst:2677 - Node <Upsample/d_out_31> of sequential type is unconnected in block <CIC_Interpolator>.
WARNING:Xst:2677 - Node <Upsample/d_out_30> of sequential type is unconnected in block <CIC_Interpolator>.
WARNING:Xst:2677 - Node <Upsample/d_out_29> of sequential type is unconnected in block <CIC_Interpolator>.
WARNING:Xst:2677 - Node <Upsample/d_out_28> of sequential type is unconnected in block <CIC_Interpolator>.
WARNING:Xst:2677 - Node <Upsample/d_out_27> of sequential type is unconnected in block <CIC_Interpolator>.
WARNING:Xst:2677 - Node <Upsample/d_out_26> of sequential type is unconnected in block <CIC_Interpolator>.
WARNING:Xst:2677 - Node <Upsample/d_out_25> of sequential type is unconnected in block <CIC_Interpolator>.
WARNING:Xst:2677 - Node <Upsample/d_out_24> of sequential type is unconnected in block <CIC_Interpolator>.
WARNING:Xst:2677 - Node <Upsample/d_out_23> of sequential type is unconnected in block <CIC_Interpolator>.
WARNING:Xst:2677 - Node <Upsample/d_out_22> of sequential type is unconnected in block <CIC_Interpolator>.
WARNING:Xst:2677 - Node <Upsample/d_out_21> of sequential type is unconnected in block <CIC_Interpolator>.
WARNING:Xst:2677 - Node <Upsample/d_out_20> of sequential type is unconnected in block <CIC_Interpolator>.
WARNING:Xst:2677 - Node <Upsample/d_out_19> of sequential type is unconnected in block <CIC_Interpolator>.
WARNING:Xst:2677 - Node <Upsample/d_out_18> of sequential type is unconnected in block <CIC_Interpolator>.
WARNING:Xst:2677 - Node <Upsample/d_out_17> of sequential type is unconnected in block <CIC_Interpolator>.
WARNING:Xst:2677 - Node <Upsample/d_out_16> of sequential type is unconnected in block <CIC_Interpolator>.
WARNING:Xst:2677 - Node <Upsample/d_out_15> of sequential type is unconnected in block <CIC_Interpolator>.
WARNING:Xst:2677 - Node <Upsample/d_out_14> of sequential type is unconnected in block <CIC_Interpolator>.
WARNING:Xst:2677 - Node <Upsample/d_out_13> of sequential type is unconnected in block <CIC_Interpolator>.
WARNING:Xst:2677 - Node <Upsample/d_out_12> of sequential type is unconnected in block <CIC_Interpolator>.
WARNING:Xst:2677 - Node <Upsample/d_out_11> of sequential type is unconnected in block <CIC_Interpolator>.
WARNING:Xst:2677 - Node <Upsample/d_out_10> of sequential type is unconnected in block <CIC_Interpolator>.
WARNING:Xst:2677 - Node <Upsample/d_out_9> of sequential type is unconnected in block <CIC_Interpolator>.
WARNING:Xst:2677 - Node <Upsample/d_out_8> of sequential type is unconnected in block <CIC_Interpolator>.
WARNING:Xst:2677 - Node <Upsample/d_out_7> of sequential type is unconnected in block <CIC_Interpolator>.
WARNING:Xst:2677 - Node <Upsample/d_out_6> of sequential type is unconnected in block <CIC_Interpolator>.
WARNING:Xst:2677 - Node <Upsample/d_out_5> of sequential type is unconnected in block <CIC_Interpolator>.
WARNING:Xst:2677 - Node <Upsample/d_out_4> of sequential type is unconnected in block <CIC_Interpolator>.
WARNING:Xst:2677 - Node <Upsample/d_out_3> of sequential type is unconnected in block <CIC_Interpolator>.
WARNING:Xst:2677 - Node <Upsample/d_out_2> of sequential type is unconnected in block <CIC_Interpolator>.
WARNING:Xst:2677 - Node <Upsample/d_out_1> of sequential type is unconnected in block <CIC_Interpolator>.
WARNING:Xst:1293 - FF/Latch <clk_scaler_counter_2> has a constant value of 0 in block <CIC_Interpolator>. This FF/Latch will be trimmed during the optimization process.
WARNING:Xst:1896 - Due to other FF/Latch trimming, FF/Latch <clk_scaler_counter_3> has a constant value of 0 in block <CIC_Interpolator>. This FF/Latch will be trimmed during the optimization process.
WARNING:Xst:1896 - Due to other FF/Latch trimming, FF/Latch <clk_scaler_counter_4> has a constant value of 0 in block <CIC_Interpolator>. This FF/Latch will be trimmed during the optimization process.
WARNING:Xst:1896 - Due to other FF/Latch trimming, FF/Latch <clk_scaler_counter_5> has a constant value of 0 in block <CIC_Interpolator>. This FF/Latch will be trimmed during the optimization process.
WARNING:Xst:1896 - Due to other FF/Latch trimming, FF/Latch <clk_scaler_counter_6> has a constant value of 0 in block <CIC_Interpolator>. This FF/Latch will be trimmed during the optimization process.
WARNING:Xst:1896 - Due to other FF/Latch trimming, FF/Latch <clk_scaler_counter_7> has a constant value of 0 in block <CIC_Interpolator>. This FF/Latch will be trimmed during the optimization process.

Mapping all equations...
Building and optimizing final netlist ...
Found area constraint ratio of 100 (+ 5) on block CIC_Interpolator, actual ratio is 0.

Final Macro Processing ...

Processing Unit <CIC_Interpolator> :
	Found 2-bit shift register for signal <comb1/memory/memory_array_0_0>.
	Found 2-bit shift register for signal <comb2/memory/memory_array_0_0>.
	Found 2-bit shift register for signal <comb3/memory/memory_array_0_0>.
	Found 2-bit shift register for signal <comb4/memory/memory_array_0_0>.
Unit <CIC_Interpolator> processed.

=========================================================================
Final Register Report

Macro Statistics
# Registers                                            : 148
 Flip-Flops                                            : 148
# Shift Registers                                      : 4
 2-bit shift register                                  : 4

=========================================================================

=========================================================================
*                           Partition Report                            *
=========================================================================

Partition Implementation Status
-------------------------------

  No Partitions were found in this design.

-------------------------------

=========================================================================
*                            Design Summary                             *
=========================================================================

Top Level Output File Name         : CIC_Interpolator.ngc

Primitive and Black Box Usage:
------------------------------
# BELS                             : 423
#      GND                         : 1
#      INV                         : 3
#      LUT1                        : 39
#      LUT2                        : 102
#      LUT3                        : 1
#      LUT6                        : 2
#      MUXCY                       : 132
#      VCC                         : 1
#      XORCY                       : 142
# FlipFlops/Latches                : 148
#      FD                          : 2
#      FDR                         : 138
#      FDRE                        : 8
# Shift Registers                  : 4
#      SRLC16E                     : 4
# Clock Buffers                    : 2
#      BUFG                        : 1
#      BUFGP                       : 1
# IO Buffers                       : 34
#      IBUF                        : 2
#      OBUF                        : 32

Device utilization summary:
---------------------------

Selected Device : 7a100tcsg324-3 


Slice Logic Utilization: 
 Number of Slice Registers:             148  out of  126800     0%  
 Number of Slice LUTs:                  151  out of  63400     0%  
    Number used as Logic:               147  out of  63400     0%  
    Number used as Memory:                4  out of  19000     0%  
       Number used as SRL:                4

Slice Logic Distribution: 
 Number of LUT Flip Flop pairs used:    156
   Number with an unused Flip Flop:       8  out of    156     5%  
   Number with an unused LUT:             5  out of    156     3%  
   Number of fully used LUT-FF pairs:   143  out of    156    91%  
   Number of unique control sets:         4

IO Utilization: 
 Number of IOs:                          66
 Number of bonded IOBs:                  35  out of    210    16%  

Specific Feature Utilization:
 Number of BUFG/BUFGCTRLs:                2  out of     32     6%  

---------------------------
Partition Resource Summary:
---------------------------

  No Partitions were found in this design.

---------------------------


=========================================================================
Timing Report

NOTE: THESE TIMING NUMBERS ARE ONLY A SYNTHESIS ESTIMATE.
      FOR ACCURATE TIMING INFORMATION PLEASE REFER TO THE TRACE REPORT
      GENERATED AFTER PLACE-and-ROUTE.

Clock Information:
------------------
-----------------------------------+------------------------+-------+
Clock Signal                       | Clock buffer(FF name)  | Load  |
-----------------------------------+------------------------+-------+
clk                                | BUFGP                  | 12    |
sclk                               | BUFG                   | 140   |
-----------------------------------+------------------------+-------+

Asynchronous Control Signals Information:
----------------------------------------
No asynchronous control signals found in this design

Timing Summary:
---------------
Speed Grade: -3

   Minimum period: 2.262ns (Maximum Frequency: 441.989MHz)
   Minimum input arrival time before clock: 1.575ns
   Maximum output required time after clock: 0.645ns
   Maximum combinational path delay: No path found

Timing Details:
---------------
All values displayed in nanoseconds (ns)

=========================================================================
Timing constraint: Default period analysis for Clock 'clk'
  Clock period: 2.030ns (frequency: 492.490MHz)
  Total number of paths / destination ports: 105 / 22
-------------------------------------------------------------------------
Delay:               2.030ns (Levels of Logic = 2)
  Source:            Upsample/zero_counter_5 (FF)
  Destination:       Upsample/zero_counter_7 (FF)
  Source Clock:      clk rising
  Destination Clock: clk rising

  Data Path: Upsample/zero_counter_5 to Upsample/zero_counter_7
                                Gate     Net
    Cell:in->out      fanout   Delay   Delay  Logical Name (Net Name)
    ----------------------------------------  ------------
     FDRE:C->Q             2   0.361   0.515  Upsample/zero_counter_5 (Upsample/zero_counter_5)
     LUT3:I0->O            2   0.097   0.299  Upsample/_n0020_SW0 (N11)
     LUT6:I5->O            8   0.097   0.311  Upsample/_n0020 (Upsample/_n0020)
     FDRE:R                    0.349          Upsample/zero_counter_0
    ----------------------------------------
    Total                      2.030ns (0.904ns logic, 1.126ns route)
                                       (44.5% logic, 55.5% route)

=========================================================================
Timing constraint: Default period analysis for Clock 'sclk'
  Clock period: 2.262ns (frequency: 441.989MHz)
  Total number of paths / destination ports: 5229 / 139
-------------------------------------------------------------------------
Delay:               2.262ns (Levels of Logic = 33)
  Source:            integrator3/d_out_0 (FF)
  Destination:       integrator3/d_out_31 (FF)
  Source Clock:      sclk rising
  Destination Clock: sclk rising

  Data Path: integrator3/d_out_0 to integrator3/d_out_31
                                Gate     Net
    Cell:in->out      fanout   Delay   Delay  Logical Name (Net Name)
    ----------------------------------------  ------------
     FDR:C->Q              2   0.361   0.383  integrator3/d_out_0 (integrator3/d_out_0)
     LUT2:I0->O            1   0.097   0.000  integrator3/Maccum_d_out_lut<0> (integrator3/Maccum_d_out_lut<0>)
     MUXCY:S->O            1   0.353   0.000  integrator3/Maccum_d_out_cy<0> (integrator3/Maccum_d_out_cy<0>)
     MUXCY:CI->O           1   0.023   0.000  integrator3/Maccum_d_out_cy<1> (integrator3/Maccum_d_out_cy<1>)
     MUXCY:CI->O           1   0.023   0.000  integrator3/Maccum_d_out_cy<2> (integrator3/Maccum_d_out_cy<2>)
     MUXCY:CI->O           1   0.023   0.000  integrator3/Maccum_d_out_cy<3> (integrator3/Maccum_d_out_cy<3>)
     MUXCY:CI->O           1   0.023   0.000  integrator3/Maccum_d_out_cy<4> (integrator3/Maccum_d_out_cy<4>)
     MUXCY:CI->O           1   0.023   0.000  integrator3/Maccum_d_out_cy<5> (integrator3/Maccum_d_out_cy<5>)
     MUXCY:CI->O           1   0.023   0.000  integrator3/Maccum_d_out_cy<6> (integrator3/Maccum_d_out_cy<6>)
     MUXCY:CI->O           1   0.023   0.000  integrator3/Maccum_d_out_cy<7> (integrator3/Maccum_d_out_cy<7>)
     MUXCY:CI->O           1   0.023   0.000  integrator3/Maccum_d_out_cy<8> (integrator3/Maccum_d_out_cy<8>)
     MUXCY:CI->O           1   0.023   0.000  integrator3/Maccum_d_out_cy<9> (integrator3/Maccum_d_out_cy<9>)
     MUXCY:CI->O           1   0.023   0.000  integrator3/Maccum_d_out_cy<10> (integrator3/Maccum_d_out_cy<10>)
     MUXCY:CI->O           1   0.023   0.000  integrator3/Maccum_d_out_cy<11> (integrator3/Maccum_d_out_cy<11>)
     MUXCY:CI->O           1   0.023   0.000  integrator3/Maccum_d_out_cy<12> (integrator3/Maccum_d_out_cy<12>)
     MUXCY:CI->O           1   0.023   0.000  integrator3/Maccum_d_out_cy<13> (integrator3/Maccum_d_out_cy<13>)
     MUXCY:CI->O           1   0.023   0.000  integrator3/Maccum_d_out_cy<14> (integrator3/Maccum_d_out_cy<14>)
     MUXCY:CI->O           1   0.023   0.000  integrator3/Maccum_d_out_cy<15> (integrator3/Maccum_d_out_cy<15>)
     MUXCY:CI->O           1   0.023   0.000  integrator3/Maccum_d_out_cy<16> (integrator3/Maccum_d_out_cy<16>)
     MUXCY:CI->O           1   0.023   0.000  integrator3/Maccum_d_out_cy<17> (integrator3/Maccum_d_out_cy<17>)
     MUXCY:CI->O           1   0.023   0.000  integrator3/Maccum_d_out_cy<18> (integrator3/Maccum_d_out_cy<18>)
     MUXCY:CI->O           1   0.023   0.000  integrator3/Maccum_d_out_cy<19> (integrator3/Maccum_d_out_cy<19>)
     MUXCY:CI->O           1   0.023   0.000  integrator3/Maccum_d_out_cy<20> (integrator3/Maccum_d_out_cy<20>)
     MUXCY:CI->O           1   0.023   0.000  integrator3/Maccum_d_out_cy<21> (integrator3/Maccum_d_out_cy<21>)
     MUXCY:CI->O           1   0.023   0.000  integrator3/Maccum_d_out_cy<22> (integrator3/Maccum_d_out_cy<22>)
     MUXCY:CI->O           1   0.023   0.000  integrator3/Maccum_d_out_cy<23> (integrator3/Maccum_d_out_cy<23>)
     MUXCY:CI->O           1   0.023   0.000  integrator3/Maccum_d_out_cy<24> (integrator3/Maccum_d_out_cy<24>)
     MUXCY:CI->O           1   0.023   0.000  integrator3/Maccum_d_out_cy<25> (integrator3/Maccum_d_out_cy<25>)
     MUXCY:CI->O           1   0.023   0.000  integrator3/Maccum_d_out_cy<26> (integrator3/Maccum_d_out_cy<26>)
     MUXCY:CI->O           1   0.023   0.000  integrator3/Maccum_d_out_cy<27> (integrator3/Maccum_d_out_cy<27>)
     MUXCY:CI->O           1   0.023   0.000  integrator3/Maccum_d_out_cy<28> (integrator3/Maccum_d_out_cy<28>)
     MUXCY:CI->O           1   0.023   0.000  integrator3/Maccum_d_out_cy<29> (integrator3/Maccum_d_out_cy<29>)
     MUXCY:CI->O           0   0.023   0.000  integrator3/Maccum_d_out_cy<30> (integrator3/Maccum_d_out_cy<30>)
     XORCY:CI->O           1   0.370   0.000  integrator3/Maccum_d_out_xor<31> (Result<31>2)
     FDR:D                     0.008          integrator3/d_out_31
    ----------------------------------------
    Total                      2.262ns (1.879ns logic, 0.383ns route)
                                       (83.0% logic, 17.0% route)

=========================================================================
Timing constraint: Default OFFSET IN BEFORE for Clock 'sclk'
  Total number of paths / destination ports: 142 / 142
-------------------------------------------------------------------------
Offset:              1.190ns (Levels of Logic = 2)
  Source:            rst (PAD)
  Destination:       comb1/memory/Mshreg_memory_array_0_0 (FF)
  Destination Clock: sclk rising

  Data Path: rst to comb1/memory/Mshreg_memory_array_0_0
                                Gate     Net
    Cell:in->out      fanout   Delay   Delay  Logical Name (Net Name)
    ----------------------------------------  ------------
     IBUF:I->O           139   0.001   0.402  rst_IBUF (rst_IBUF)
     INV:I->O             12   0.113   0.330  rst_inv1_INV_0 (Upsample/rst_inv)
     SRLC16E:CE                0.344          comb1/memory/Mshreg_memory_array_0_0
    ----------------------------------------
    Total                      1.190ns (0.458ns logic, 0.732ns route)
                                       (38.5% logic, 61.5% route)

=========================================================================
Timing constraint: Default OFFSET IN BEFORE for Clock 'clk'
  Total number of paths / destination ports: 17 / 17
-------------------------------------------------------------------------
Offset:              1.575ns (Levels of Logic = 2)
  Source:            rst (PAD)
  Destination:       Upsample/zero_counter_7 (FF)
  Destination Clock: clk rising

  Data Path: rst to Upsample/zero_counter_7
                                Gate     Net
    Cell:in->out      fanout   Delay   Delay  Logical Name (Net Name)
    ----------------------------------------  ------------
     IBUF:I->O           139   0.001   0.816  rst_IBUF (rst_IBUF)
     LUT6:I0->O            8   0.097   0.311  Upsample/_n0020 (Upsample/_n0020)
     FDRE:R                    0.349          Upsample/zero_counter_0
    ----------------------------------------
    Total                      1.575ns (0.447ns logic, 1.128ns route)
                                       (28.4% logic, 71.6% route)

=========================================================================
Timing constraint: Default OFFSET OUT AFTER for Clock 'sclk'
  Total number of paths / destination ports: 32 / 32
-------------------------------------------------------------------------
Offset:              0.645ns (Levels of Logic = 1)
  Source:            integrator4/d_out_31 (FF)
  Destination:       d_out<31> (PAD)
  Source Clock:      sclk rising

  Data Path: integrator4/d_out_31 to d_out<31>
                                Gate     Net
    Cell:in->out      fanout   Delay   Delay  Logical Name (Net Name)
    ----------------------------------------  ------------
     FDR:C->Q              2   0.361   0.283  integrator4/d_out_31 (integrator4/d_out_31)
     OBUF:I->O                 0.000          d_out_31_OBUF (d_out<31>)
    ----------------------------------------
    Total                      0.645ns (0.361ns logic, 0.283ns route)
                                       (56.0% logic, 44.0% route)

=========================================================================

Cross Clock Domains Report:
--------------------------

Clock to Setup on destination clock clk
---------------+---------+---------+---------+---------+
               | Src:Rise| Src:Fall| Src:Rise| Src:Fall|
Source Clock   |Dest:Rise|Dest:Rise|Dest:Fall|Dest:Fall|
---------------+---------+---------+---------+---------+
clk            |    2.030|         |         |         |
sclk           |    0.845|         |         |         |
---------------+---------+---------+---------+---------+

Clock to Setup on destination clock sclk
---------------+---------+---------+---------+---------+
               | Src:Rise| Src:Fall| Src:Rise| Src:Fall|
Source Clock   |Dest:Rise|Dest:Rise|Dest:Fall|Dest:Fall|
---------------+---------+---------+---------+---------+
clk            |    2.258|         |         |         |
sclk           |    2.262|         |         |         |
---------------+---------+---------+---------+---------+

=========================================================================


Total REAL time to Xst completion: 12.00 secs
Total CPU time to Xst completion: 11.71 secs
 
--> 

Total memory usage is 4654380 kilobytes

Number of errors   :    0 (   0 filtered)
Number of warnings :  598 (   0 filtered)
Number of infos    :    0 (   0 filtered)

