Release 14.7 - xst P.20131013 (nt64)
Copyright (c) 1995-2013 Xilinx, Inc.  All rights reserved.
--> Parameter TMPDIR set to xst/projnav.tmp


Total REAL time to Xst completion: 1.00 secs
Total CPU time to Xst completion: 0.47 secs
 
--> Parameter xsthdpdir set to xst


Total REAL time to Xst completion: 1.00 secs
Total CPU time to Xst completion: 0.48 secs
 
--> Reading design: Comb.prj

TABLE OF CONTENTS
  1) Synthesis Options Summary
  2) HDL Parsing
  3) HDL Elaboration
  4) HDL Synthesis
       4.1) HDL Synthesis Report
  5) Advanced HDL Synthesis
       5.1) Advanced HDL Synthesis Report
  6) Low Level Synthesis
  7) Partition Report
  8) Design Summary
       8.1) Primitive and Black Box Usage
       8.2) Device utilization summary
       8.3) Partition Resource Summary
       8.4) Timing Report
            8.4.1) Clock Information
            8.4.2) Asynchronous Control Signals Information
            8.4.3) Timing Summary
            8.4.4) Timing Details
            8.4.5) Cross Clock Domains Report


=========================================================================
*                      Synthesis Options Summary                        *
=========================================================================
---- Source Parameters
Input File Name                    : "Comb.prj"
Ignore Synthesis Constraint File   : NO

---- Target Parameters
Output File Name                   : "Comb"
Output Format                      : NGC
Target Device                      : xc7a100t-3-csg324

---- Source Options
Top Module Name                    : Comb
Automatic FSM Extraction           : YES
FSM Encoding Algorithm             : Auto
Safe Implementation                : No
FSM Style                          : LUT
RAM Extraction                     : Yes
RAM Style                          : Auto
ROM Extraction                     : Yes
Shift Register Extraction          : YES
ROM Style                          : Auto
Resource Sharing                   : YES
Asynchronous To Synchronous        : NO
Shift Register Minimum Size        : 2
Use DSP Block                      : Auto
Automatic Register Balancing       : No

---- Target Options
LUT Combining                      : Auto
Reduce Control Sets                : Auto
Add IO Buffers                     : YES
Global Maximum Fanout              : 100000
Add Generic Clock Buffer(BUFG)     : 32
Register Duplication               : YES
Optimize Instantiated Primitives   : NO
Use Clock Enable                   : Auto
Use Synchronous Set                : Auto
Use Synchronous Reset              : Auto
Pack IO Registers into IOBs        : Auto
Equivalent register Removal        : YES

---- General Options
Optimization Goal                  : Speed
Optimization Effort                : 1
Power Reduction                    : NO
Keep Hierarchy                     : No
Netlist Hierarchy                  : As_Optimized
RTL Output                         : Yes
Global Optimization                : AllClockNets
Read Cores                         : YES
Write Timing Constraints           : NO
Cross Clock Analysis               : NO
Hierarchy Separator                : /
Bus Delimiter                      : <>
Case Specifier                     : Maintain
Slice Utilization Ratio            : 100
BRAM Utilization Ratio             : 100
DSP48 Utilization Ratio            : 100
Auto BRAM Packing                  : NO
Slice Utilization Ratio Delta      : 5

=========================================================================


=========================================================================
*                          HDL Parsing                                  *
=========================================================================
Analyzing Verilog file "C:\Users\tate\Documents\School-UCT\4th Year\EEE4084F\workspace\cic_interpolator\SRAM.v" into library work
Parsing module <SRAM>.
Analyzing Verilog file "C:\Users\tate\Documents\School-UCT\4th Year\EEE4084F\workspace\cic_interpolator\cic.v" into library work
Parsing module <Comb>.

=========================================================================
*                            HDL Elaboration                            *
=========================================================================

Elaborating module <Comb>.

Elaborating module <SRAM(ADDR_WIDTH=8,DATA_WIDTH=32,DEPTH=2)>.

=========================================================================
*                           HDL Synthesis                               *
=========================================================================

Synthesizing Unit <Comb>.
    Related source file is "C:\Users\tate\Documents\School-UCT\4th Year\EEE4084F\workspace\cic_interpolator\cic.v".
        M = 2
    Found 32-bit register for signal <d_out>.
    Found 32-bit register for signal <mem_write>.
    Found 32-bit subtractor for signal <d_in[31]_mem_read[31]_sub_2_OUT> created at line 59.
    WARNING:Xst:2404 -  FFs/Latches <mem_write_EN<0:0>> (without init value) have a constant value of 1 in block <Comb>.
    Summary:
	inferred   1 Adder/Subtractor(s).
	inferred  64 D-type flip-flop(s).
Unit <Comb> synthesized.

Synthesizing Unit <SRAM>.
    Related source file is "C:\Users\tate\Documents\School-UCT\4th Year\EEE4084F\workspace\cic_interpolator\SRAM.v".
        ADDR_WIDTH = 8
        DATA_WIDTH = 32
        DEPTH = 2
    Found 32-bit register for signal <memory_array<0>>.
    Found 32-bit register for signal <o_data>.
    Summary:
	inferred  64 D-type flip-flop(s).
Unit <SRAM> synthesized.

=========================================================================
HDL Synthesis Report

Macro Statistics
# Adders/Subtractors                                   : 1
 32-bit subtractor                                     : 1
# Registers                                            : 4
 32-bit register                                       : 4

=========================================================================

=========================================================================
*                       Advanced HDL Synthesis                          *
=========================================================================


=========================================================================
Advanced HDL Synthesis Report

Macro Statistics
# Adders/Subtractors                                   : 1
 32-bit subtractor                                     : 1
# Registers                                            : 128
 Flip-Flops                                            : 128

=========================================================================

=========================================================================
*                         Low Level Synthesis                           *
=========================================================================

Optimizing unit <Comb> ...

Optimizing unit <SRAM> ...

Mapping all equations...
Building and optimizing final netlist ...
Found area constraint ratio of 100 (+ 5) on block Comb, actual ratio is 0.

Final Macro Processing ...

Processing Unit <Comb> :
	Found 2-bit shift register for signal <memory/memory_array_0_31>.
	Found 2-bit shift register for signal <memory/memory_array_0_30>.
	Found 2-bit shift register for signal <memory/memory_array_0_29>.
	Found 2-bit shift register for signal <memory/memory_array_0_28>.
	Found 2-bit shift register for signal <memory/memory_array_0_27>.
	Found 2-bit shift register for signal <memory/memory_array_0_26>.
	Found 2-bit shift register for signal <memory/memory_array_0_25>.
	Found 2-bit shift register for signal <memory/memory_array_0_24>.
	Found 2-bit shift register for signal <memory/memory_array_0_23>.
	Found 2-bit shift register for signal <memory/memory_array_0_22>.
	Found 2-bit shift register for signal <memory/memory_array_0_21>.
	Found 2-bit shift register for signal <memory/memory_array_0_20>.
	Found 2-bit shift register for signal <memory/memory_array_0_19>.
	Found 2-bit shift register for signal <memory/memory_array_0_18>.
	Found 2-bit shift register for signal <memory/memory_array_0_17>.
	Found 2-bit shift register for signal <memory/memory_array_0_16>.
	Found 2-bit shift register for signal <memory/memory_array_0_15>.
	Found 2-bit shift register for signal <memory/memory_array_0_14>.
	Found 2-bit shift register for signal <memory/memory_array_0_13>.
	Found 2-bit shift register for signal <memory/memory_array_0_12>.
	Found 2-bit shift register for signal <memory/memory_array_0_11>.
	Found 2-bit shift register for signal <memory/memory_array_0_10>.
	Found 2-bit shift register for signal <memory/memory_array_0_9>.
	Found 2-bit shift register for signal <memory/memory_array_0_8>.
	Found 2-bit shift register for signal <memory/memory_array_0_7>.
	Found 2-bit shift register for signal <memory/memory_array_0_6>.
	Found 2-bit shift register for signal <memory/memory_array_0_5>.
	Found 2-bit shift register for signal <memory/memory_array_0_4>.
	Found 2-bit shift register for signal <memory/memory_array_0_3>.
	Found 2-bit shift register for signal <memory/memory_array_0_2>.
	Found 2-bit shift register for signal <memory/memory_array_0_1>.
	Found 2-bit shift register for signal <memory/memory_array_0_0>.
Unit <Comb> processed.

=========================================================================
Final Register Report

Macro Statistics
# Registers                                            : 64
 Flip-Flops                                            : 64
# Shift Registers                                      : 32
 2-bit shift register                                  : 32

=========================================================================

=========================================================================
*                           Partition Report                            *
=========================================================================

Partition Implementation Status
-------------------------------

  No Partitions were found in this design.

-------------------------------

=========================================================================
*                            Design Summary                             *
=========================================================================

Top Level Output File Name         : Comb.ngc

Primitive and Black Box Usage:
------------------------------
# BELS                             : 98
#      GND                         : 1
#      INV                         : 1
#      LUT2                        : 32
#      MUXCY                       : 31
#      VCC                         : 1
#      XORCY                       : 32
# FlipFlops/Latches                : 64
#      FDR                         : 64
# Shift Registers                  : 32
#      SRLC16E                     : 32
# Clock Buffers                    : 1
#      BUFGP                       : 1
# IO Buffers                       : 65
#      IBUF                        : 33
#      OBUF                        : 32

Device utilization summary:
---------------------------

Selected Device : 7a100tcsg324-3 


Slice Logic Utilization: 
 Number of Slice Registers:              64  out of  126800     0%  
 Number of Slice LUTs:                   65  out of  63400     0%  
    Number used as Logic:                33  out of  63400     0%  
    Number used as Memory:               32  out of  19000     0%  
       Number used as SRL:               32

Slice Logic Distribution: 
 Number of LUT Flip Flop pairs used:     65
   Number with an unused Flip Flop:       1  out of     65     1%  
   Number with an unused LUT:             0  out of     65     0%  
   Number of fully used LUT-FF pairs:    64  out of     65    98%  
   Number of unique control sets:         1

IO Utilization: 
 Number of IOs:                          66
 Number of bonded IOBs:                  66  out of    210    31%  

Specific Feature Utilization:
 Number of BUFG/BUFGCTRLs:                1  out of     32     3%  

---------------------------
Partition Resource Summary:
---------------------------

  No Partitions were found in this design.

---------------------------


=========================================================================
Timing Report

NOTE: THESE TIMING NUMBERS ARE ONLY A SYNTHESIS ESTIMATE.
      FOR ACCURATE TIMING INFORMATION PLEASE REFER TO THE TRACE REPORT
      GENERATED AFTER PLACE-and-ROUTE.

Clock Information:
------------------
-----------------------------------+------------------------+-------+
Clock Signal                       | Clock buffer(FF name)  | Load  |
-----------------------------------+------------------------+-------+
clk                                | BUFGP                  | 96    |
-----------------------------------+------------------------+-------+

Asynchronous Control Signals Information:
----------------------------------------
No asynchronous control signals found in this design

Timing Summary:
---------------
Speed Grade: -3

   Minimum period: 2.174ns (Maximum Frequency: 459.918MHz)
   Minimum input arrival time before clock: 1.903ns
   Maximum output required time after clock: 0.640ns
   Maximum combinational path delay: No path found

Timing Details:
---------------
All values displayed in nanoseconds (ns)

=========================================================================
Timing constraint: Default period analysis for Clock 'clk'
  Clock period: 2.174ns (frequency: 459.918MHz)
  Total number of paths / destination ports: 560 / 64
-------------------------------------------------------------------------
Delay:               2.174ns (Levels of Logic = 33)
  Source:            memory/o_data_0 (FF)
  Destination:       d_out_31 (FF)
  Source Clock:      clk rising
  Destination Clock: clk rising

  Data Path: memory/o_data_0 to d_out_31
                                Gate     Net
    Cell:in->out      fanout   Delay   Delay  Logical Name (Net Name)
    ----------------------------------------  ------------
     FDR:C->Q              1   0.361   0.295  memory/o_data_0 (memory/o_data_0)
     LUT2:I1->O            1   0.097   0.000  Msub_d_in[31]_mem_read[31]_sub_2_OUT_lut<0> (Msub_d_in[31]_mem_read[31]_sub_2_OUT_lut<0>)
     MUXCY:S->O            1   0.353   0.000  Msub_d_in[31]_mem_read[31]_sub_2_OUT_cy<0> (Msub_d_in[31]_mem_read[31]_sub_2_OUT_cy<0>)
     MUXCY:CI->O           1   0.023   0.000  Msub_d_in[31]_mem_read[31]_sub_2_OUT_cy<1> (Msub_d_in[31]_mem_read[31]_sub_2_OUT_cy<1>)
     MUXCY:CI->O           1   0.023   0.000  Msub_d_in[31]_mem_read[31]_sub_2_OUT_cy<2> (Msub_d_in[31]_mem_read[31]_sub_2_OUT_cy<2>)
     MUXCY:CI->O           1   0.023   0.000  Msub_d_in[31]_mem_read[31]_sub_2_OUT_cy<3> (Msub_d_in[31]_mem_read[31]_sub_2_OUT_cy<3>)
     MUXCY:CI->O           1   0.023   0.000  Msub_d_in[31]_mem_read[31]_sub_2_OUT_cy<4> (Msub_d_in[31]_mem_read[31]_sub_2_OUT_cy<4>)
     MUXCY:CI->O           1   0.023   0.000  Msub_d_in[31]_mem_read[31]_sub_2_OUT_cy<5> (Msub_d_in[31]_mem_read[31]_sub_2_OUT_cy<5>)
     MUXCY:CI->O           1   0.023   0.000  Msub_d_in[31]_mem_read[31]_sub_2_OUT_cy<6> (Msub_d_in[31]_mem_read[31]_sub_2_OUT_cy<6>)
     MUXCY:CI->O           1   0.023   0.000  Msub_d_in[31]_mem_read[31]_sub_2_OUT_cy<7> (Msub_d_in[31]_mem_read[31]_sub_2_OUT_cy<7>)
     MUXCY:CI->O           1   0.023   0.000  Msub_d_in[31]_mem_read[31]_sub_2_OUT_cy<8> (Msub_d_in[31]_mem_read[31]_sub_2_OUT_cy<8>)
     MUXCY:CI->O           1   0.023   0.000  Msub_d_in[31]_mem_read[31]_sub_2_OUT_cy<9> (Msub_d_in[31]_mem_read[31]_sub_2_OUT_cy<9>)
     MUXCY:CI->O           1   0.023   0.000  Msub_d_in[31]_mem_read[31]_sub_2_OUT_cy<10> (Msub_d_in[31]_mem_read[31]_sub_2_OUT_cy<10>)
     MUXCY:CI->O           1   0.023   0.000  Msub_d_in[31]_mem_read[31]_sub_2_OUT_cy<11> (Msub_d_in[31]_mem_read[31]_sub_2_OUT_cy<11>)
     MUXCY:CI->O           1   0.023   0.000  Msub_d_in[31]_mem_read[31]_sub_2_OUT_cy<12> (Msub_d_in[31]_mem_read[31]_sub_2_OUT_cy<12>)
     MUXCY:CI->O           1   0.023   0.000  Msub_d_in[31]_mem_read[31]_sub_2_OUT_cy<13> (Msub_d_in[31]_mem_read[31]_sub_2_OUT_cy<13>)
     MUXCY:CI->O           1   0.023   0.000  Msub_d_in[31]_mem_read[31]_sub_2_OUT_cy<14> (Msub_d_in[31]_mem_read[31]_sub_2_OUT_cy<14>)
     MUXCY:CI->O           1   0.023   0.000  Msub_d_in[31]_mem_read[31]_sub_2_OUT_cy<15> (Msub_d_in[31]_mem_read[31]_sub_2_OUT_cy<15>)
     MUXCY:CI->O           1   0.023   0.000  Msub_d_in[31]_mem_read[31]_sub_2_OUT_cy<16> (Msub_d_in[31]_mem_read[31]_sub_2_OUT_cy<16>)
     MUXCY:CI->O           1   0.023   0.000  Msub_d_in[31]_mem_read[31]_sub_2_OUT_cy<17> (Msub_d_in[31]_mem_read[31]_sub_2_OUT_cy<17>)
     MUXCY:CI->O           1   0.023   0.000  Msub_d_in[31]_mem_read[31]_sub_2_OUT_cy<18> (Msub_d_in[31]_mem_read[31]_sub_2_OUT_cy<18>)
     MUXCY:CI->O           1   0.023   0.000  Msub_d_in[31]_mem_read[31]_sub_2_OUT_cy<19> (Msub_d_in[31]_mem_read[31]_sub_2_OUT_cy<19>)
     MUXCY:CI->O           1   0.023   0.000  Msub_d_in[31]_mem_read[31]_sub_2_OUT_cy<20> (Msub_d_in[31]_mem_read[31]_sub_2_OUT_cy<20>)
     MUXCY:CI->O           1   0.023   0.000  Msub_d_in[31]_mem_read[31]_sub_2_OUT_cy<21> (Msub_d_in[31]_mem_read[31]_sub_2_OUT_cy<21>)
     MUXCY:CI->O           1   0.023   0.000  Msub_d_in[31]_mem_read[31]_sub_2_OUT_cy<22> (Msub_d_in[31]_mem_read[31]_sub_2_OUT_cy<22>)
     MUXCY:CI->O           1   0.023   0.000  Msub_d_in[31]_mem_read[31]_sub_2_OUT_cy<23> (Msub_d_in[31]_mem_read[31]_sub_2_OUT_cy<23>)
     MUXCY:CI->O           1   0.023   0.000  Msub_d_in[31]_mem_read[31]_sub_2_OUT_cy<24> (Msub_d_in[31]_mem_read[31]_sub_2_OUT_cy<24>)
     MUXCY:CI->O           1   0.023   0.000  Msub_d_in[31]_mem_read[31]_sub_2_OUT_cy<25> (Msub_d_in[31]_mem_read[31]_sub_2_OUT_cy<25>)
     MUXCY:CI->O           1   0.023   0.000  Msub_d_in[31]_mem_read[31]_sub_2_OUT_cy<26> (Msub_d_in[31]_mem_read[31]_sub_2_OUT_cy<26>)
     MUXCY:CI->O           1   0.023   0.000  Msub_d_in[31]_mem_read[31]_sub_2_OUT_cy<27> (Msub_d_in[31]_mem_read[31]_sub_2_OUT_cy<27>)
     MUXCY:CI->O           1   0.023   0.000  Msub_d_in[31]_mem_read[31]_sub_2_OUT_cy<28> (Msub_d_in[31]_mem_read[31]_sub_2_OUT_cy<28>)
     MUXCY:CI->O           1   0.023   0.000  Msub_d_in[31]_mem_read[31]_sub_2_OUT_cy<29> (Msub_d_in[31]_mem_read[31]_sub_2_OUT_cy<29>)
     MUXCY:CI->O           0   0.023   0.000  Msub_d_in[31]_mem_read[31]_sub_2_OUT_cy<30> (Msub_d_in[31]_mem_read[31]_sub_2_OUT_cy<30>)
     XORCY:CI->O           1   0.370   0.000  Msub_d_in[31]_mem_read[31]_sub_2_OUT_xor<31> (d_in[31]_mem_read[31]_sub_2_OUT<31>)
     FDR:D                     0.008          d_out_31
    ----------------------------------------
    Total                      2.174ns (1.879ns logic, 0.295ns route)
                                       (86.4% logic, 13.6% route)

=========================================================================
Timing constraint: Default OFFSET IN BEFORE for Clock 'clk'
  Total number of paths / destination ports: 1152 / 160
-------------------------------------------------------------------------
Offset:              1.903ns (Levels of Logic = 34)
  Source:            d_in<0> (PAD)
  Destination:       d_out_31 (FF)
  Destination Clock: clk rising

  Data Path: d_in<0> to d_out_31
                                Gate     Net
    Cell:in->out      fanout   Delay   Delay  Logical Name (Net Name)
    ----------------------------------------  ------------
     IBUF:I->O             2   0.001   0.383  d_in_0_IBUF (d_in_0_IBUF)
     LUT2:I0->O            1   0.097   0.000  Msub_d_in[31]_mem_read[31]_sub_2_OUT_lut<0> (Msub_d_in[31]_mem_read[31]_sub_2_OUT_lut<0>)
     MUXCY:S->O            1   0.353   0.000  Msub_d_in[31]_mem_read[31]_sub_2_OUT_cy<0> (Msub_d_in[31]_mem_read[31]_sub_2_OUT_cy<0>)
     MUXCY:CI->O           1   0.023   0.000  Msub_d_in[31]_mem_read[31]_sub_2_OUT_cy<1> (Msub_d_in[31]_mem_read[31]_sub_2_OUT_cy<1>)
     MUXCY:CI->O           1   0.023   0.000  Msub_d_in[31]_mem_read[31]_sub_2_OUT_cy<2> (Msub_d_in[31]_mem_read[31]_sub_2_OUT_cy<2>)
     MUXCY:CI->O           1   0.023   0.000  Msub_d_in[31]_mem_read[31]_sub_2_OUT_cy<3> (Msub_d_in[31]_mem_read[31]_sub_2_OUT_cy<3>)
     MUXCY:CI->O           1   0.023   0.000  Msub_d_in[31]_mem_read[31]_sub_2_OUT_cy<4> (Msub_d_in[31]_mem_read[31]_sub_2_OUT_cy<4>)
     MUXCY:CI->O           1   0.023   0.000  Msub_d_in[31]_mem_read[31]_sub_2_OUT_cy<5> (Msub_d_in[31]_mem_read[31]_sub_2_OUT_cy<5>)
     MUXCY:CI->O           1   0.023   0.000  Msub_d_in[31]_mem_read[31]_sub_2_OUT_cy<6> (Msub_d_in[31]_mem_read[31]_sub_2_OUT_cy<6>)
     MUXCY:CI->O           1   0.023   0.000  Msub_d_in[31]_mem_read[31]_sub_2_OUT_cy<7> (Msub_d_in[31]_mem_read[31]_sub_2_OUT_cy<7>)
     MUXCY:CI->O           1   0.023   0.000  Msub_d_in[31]_mem_read[31]_sub_2_OUT_cy<8> (Msub_d_in[31]_mem_read[31]_sub_2_OUT_cy<8>)
     MUXCY:CI->O           1   0.023   0.000  Msub_d_in[31]_mem_read[31]_sub_2_OUT_cy<9> (Msub_d_in[31]_mem_read[31]_sub_2_OUT_cy<9>)
     MUXCY:CI->O           1   0.023   0.000  Msub_d_in[31]_mem_read[31]_sub_2_OUT_cy<10> (Msub_d_in[31]_mem_read[31]_sub_2_OUT_cy<10>)
     MUXCY:CI->O           1   0.023   0.000  Msub_d_in[31]_mem_read[31]_sub_2_OUT_cy<11> (Msub_d_in[31]_mem_read[31]_sub_2_OUT_cy<11>)
     MUXCY:CI->O           1   0.023   0.000  Msub_d_in[31]_mem_read[31]_sub_2_OUT_cy<12> (Msub_d_in[31]_mem_read[31]_sub_2_OUT_cy<12>)
     MUXCY:CI->O           1   0.023   0.000  Msub_d_in[31]_mem_read[31]_sub_2_OUT_cy<13> (Msub_d_in[31]_mem_read[31]_sub_2_OUT_cy<13>)
     MUXCY:CI->O           1   0.023   0.000  Msub_d_in[31]_mem_read[31]_sub_2_OUT_cy<14> (Msub_d_in[31]_mem_read[31]_sub_2_OUT_cy<14>)
     MUXCY:CI->O           1   0.023   0.000  Msub_d_in[31]_mem_read[31]_sub_2_OUT_cy<15> (Msub_d_in[31]_mem_read[31]_sub_2_OUT_cy<15>)
     MUXCY:CI->O           1   0.023   0.000  Msub_d_in[31]_mem_read[31]_sub_2_OUT_cy<16> (Msub_d_in[31]_mem_read[31]_sub_2_OUT_cy<16>)
     MUXCY:CI->O           1   0.023   0.000  Msub_d_in[31]_mem_read[31]_sub_2_OUT_cy<17> (Msub_d_in[31]_mem_read[31]_sub_2_OUT_cy<17>)
     MUXCY:CI->O           1   0.023   0.000  Msub_d_in[31]_mem_read[31]_sub_2_OUT_cy<18> (Msub_d_in[31]_mem_read[31]_sub_2_OUT_cy<18>)
     MUXCY:CI->O           1   0.023   0.000  Msub_d_in[31]_mem_read[31]_sub_2_OUT_cy<19> (Msub_d_in[31]_mem_read[31]_sub_2_OUT_cy<19>)
     MUXCY:CI->O           1   0.023   0.000  Msub_d_in[31]_mem_read[31]_sub_2_OUT_cy<20> (Msub_d_in[31]_mem_read[31]_sub_2_OUT_cy<20>)
     MUXCY:CI->O           1   0.023   0.000  Msub_d_in[31]_mem_read[31]_sub_2_OUT_cy<21> (Msub_d_in[31]_mem_read[31]_sub_2_OUT_cy<21>)
     MUXCY:CI->O           1   0.023   0.000  Msub_d_in[31]_mem_read[31]_sub_2_OUT_cy<22> (Msub_d_in[31]_mem_read[31]_sub_2_OUT_cy<22>)
     MUXCY:CI->O           1   0.023   0.000  Msub_d_in[31]_mem_read[31]_sub_2_OUT_cy<23> (Msub_d_in[31]_mem_read[31]_sub_2_OUT_cy<23>)
     MUXCY:CI->O           1   0.023   0.000  Msub_d_in[31]_mem_read[31]_sub_2_OUT_cy<24> (Msub_d_in[31]_mem_read[31]_sub_2_OUT_cy<24>)
     MUXCY:CI->O           1   0.023   0.000  Msub_d_in[31]_mem_read[31]_sub_2_OUT_cy<25> (Msub_d_in[31]_mem_read[31]_sub_2_OUT_cy<25>)
     MUXCY:CI->O           1   0.023   0.000  Msub_d_in[31]_mem_read[31]_sub_2_OUT_cy<26> (Msub_d_in[31]_mem_read[31]_sub_2_OUT_cy<26>)
     MUXCY:CI->O           1   0.023   0.000  Msub_d_in[31]_mem_read[31]_sub_2_OUT_cy<27> (Msub_d_in[31]_mem_read[31]_sub_2_OUT_cy<27>)
     MUXCY:CI->O           1   0.023   0.000  Msub_d_in[31]_mem_read[31]_sub_2_OUT_cy<28> (Msub_d_in[31]_mem_read[31]_sub_2_OUT_cy<28>)
     MUXCY:CI->O           1   0.023   0.000  Msub_d_in[31]_mem_read[31]_sub_2_OUT_cy<29> (Msub_d_in[31]_mem_read[31]_sub_2_OUT_cy<29>)
     MUXCY:CI->O           0   0.023   0.000  Msub_d_in[31]_mem_read[31]_sub_2_OUT_cy<30> (Msub_d_in[31]_mem_read[31]_sub_2_OUT_cy<30>)
     XORCY:CI->O           1   0.370   0.000  Msub_d_in[31]_mem_read[31]_sub_2_OUT_xor<31> (d_in[31]_mem_read[31]_sub_2_OUT<31>)
     FDR:D                     0.008          d_out_31
    ----------------------------------------
    Total                      1.903ns (1.519ns logic, 0.383ns route)
                                       (79.8% logic, 20.2% route)

=========================================================================
Timing constraint: Default OFFSET OUT AFTER for Clock 'clk'
  Total number of paths / destination ports: 32 / 32
-------------------------------------------------------------------------
Offset:              0.640ns (Levels of Logic = 1)
  Source:            d_out_31 (FF)
  Destination:       d_out<31> (PAD)
  Source Clock:      clk rising

  Data Path: d_out_31 to d_out<31>
                                Gate     Net
    Cell:in->out      fanout   Delay   Delay  Logical Name (Net Name)
    ----------------------------------------  ------------
     FDR:C->Q              1   0.361   0.279  d_out_31 (d_out_31)
     OBUF:I->O                 0.000          d_out_31_OBUF (d_out<31>)
    ----------------------------------------
    Total                      0.640ns (0.361ns logic, 0.279ns route)
                                       (56.4% logic, 43.6% route)

=========================================================================

Cross Clock Domains Report:
--------------------------

Clock to Setup on destination clock clk
---------------+---------+---------+---------+---------+
               | Src:Rise| Src:Fall| Src:Rise| Src:Fall|
Source Clock   |Dest:Rise|Dest:Rise|Dest:Fall|Dest:Fall|
---------------+---------+---------+---------+---------+
clk            |    2.174|         |         |         |
---------------+---------+---------+---------+---------+

=========================================================================


Total REAL time to Xst completion: 16.00 secs
Total CPU time to Xst completion: 15.37 secs
 
--> 

Total memory usage is 4653228 kilobytes

Number of errors   :    0 (   0 filtered)
Number of warnings :    1 (   0 filtered)
Number of infos    :    0 (   0 filtered)

