--------------------------------------------------------------------------------
Release 14.7 Trace  (nt64)
Copyright (c) 1995-2013 Xilinx, Inc.  All rights reserved.

C:\Xilinx\14.7\ISE_DS\ISE\bin\nt64\unwrapped\trce.exe -intstyle ise -v 3 -s 3
-n 3 -fastpaths -xml Comb.twx Comb.ncd -o Comb.twr Comb.pcf

Design file:              Comb.ncd
Physical constraint file: Comb.pcf
Device,package,speed:     xc7a100t,csg324,C,-3 (PRODUCTION 1.10 2013-10-13)
Report level:             verbose report

Environment Variable      Effect 
--------------------      ------ 
NONE                      No environment variables were set
--------------------------------------------------------------------------------

INFO:Timing:2698 - No timing constraints found, doing default enumeration.
INFO:Timing:3412 - To improve timing, see the Timing Closure User Guide (UG612).
INFO:Timing:2752 - To get complete path coverage, use the unconstrained paths 
   option. All paths that are not constrained will be reported in the 
   unconstrained paths section(s) of the report.
INFO:Timing:3339 - The clock-to-out numbers in this timing report are based on 
   a 50 Ohm transmission line loading model.  For the details of this model, 
   and for more information on accounting for different loading conditions, 
   please see the device datasheet.



Data Sheet report:
-----------------
All values displayed in nanoseconds (ns)

Setup/Hold to clock clk
------------+------------+------------+------------+------------+------------------+--------+
            |Max Setup to|  Process   |Max Hold to |  Process   |                  | Clock  |
Source      | clk (edge) |   Corner   | clk (edge) |   Corner   |Internal Clock(s) | Phase  |
------------+------------+------------+------------+------------+------------------+--------+
d_in<0>     |    0.555(R)|      FAST  |    2.040(R)|      SLOW  |clk_BUFGP         |   0.000|
d_in<1>     |    0.735(R)|      FAST  |    1.831(R)|      SLOW  |clk_BUFGP         |   0.000|
d_in<2>     |    0.572(R)|      FAST  |    1.744(R)|      SLOW  |clk_BUFGP         |   0.000|
d_in<3>     |    0.604(R)|      FAST  |    2.030(R)|      SLOW  |clk_BUFGP         |   0.000|
d_in<4>     |    0.686(R)|      FAST  |    2.020(R)|      SLOW  |clk_BUFGP         |   0.000|
d_in<5>     |    0.680(R)|      FAST  |    1.923(R)|      SLOW  |clk_BUFGP         |   0.000|
d_in<6>     |    0.636(R)|      FAST  |    1.848(R)|      SLOW  |clk_BUFGP         |   0.000|
d_in<7>     |    0.639(R)|      FAST  |    1.740(R)|      SLOW  |clk_BUFGP         |   0.000|
d_in<8>     |    0.713(R)|      FAST  |    1.804(R)|      SLOW  |clk_BUFGP         |   0.000|
d_in<9>     |    0.757(R)|      FAST  |    1.930(R)|      SLOW  |clk_BUFGP         |   0.000|
d_in<10>    |    0.756(R)|      FAST  |    1.731(R)|      SLOW  |clk_BUFGP         |   0.000|
d_in<11>    |    0.701(R)|      FAST  |    1.853(R)|      SLOW  |clk_BUFGP         |   0.000|
d_in<12>    |    0.781(R)|      FAST  |    1.835(R)|      SLOW  |clk_BUFGP         |   0.000|
d_in<13>    |    0.623(R)|      FAST  |    1.842(R)|      SLOW  |clk_BUFGP         |   0.000|
d_in<14>    |    0.684(R)|      FAST  |    1.694(R)|      SLOW  |clk_BUFGP         |   0.000|
d_in<15>    |    0.515(R)|      FAST  |    1.854(R)|      SLOW  |clk_BUFGP         |   0.000|
d_in<16>    |    0.582(R)|      FAST  |    1.672(R)|      SLOW  |clk_BUFGP         |   0.000|
d_in<17>    |    0.495(R)|      FAST  |    1.747(R)|      SLOW  |clk_BUFGP         |   0.000|
d_in<18>    |    0.935(R)|      FAST  |    1.269(R)|      SLOW  |clk_BUFGP         |   0.000|
d_in<19>    |    0.742(R)|      FAST  |    1.301(R)|      SLOW  |clk_BUFGP         |   0.000|
d_in<20>    |    0.894(R)|      FAST  |    1.209(R)|      SLOW  |clk_BUFGP         |   0.000|
d_in<21>    |    0.664(R)|      FAST  |    1.581(R)|      SLOW  |clk_BUFGP         |   0.000|
d_in<22>    |    0.608(R)|      FAST  |    1.486(R)|      SLOW  |clk_BUFGP         |   0.000|
d_in<23>    |    0.702(R)|      FAST  |    1.608(R)|      SLOW  |clk_BUFGP         |   0.000|
d_in<24>    |    0.619(R)|      FAST  |    1.537(R)|      SLOW  |clk_BUFGP         |   0.000|
d_in<25>    |    0.698(R)|      FAST  |    1.520(R)|      SLOW  |clk_BUFGP         |   0.000|
d_in<26>    |    0.533(R)|      FAST  |    1.581(R)|      SLOW  |clk_BUFGP         |   0.000|
d_in<27>    |    0.338(R)|      FAST  |    1.631(R)|      SLOW  |clk_BUFGP         |   0.000|
d_in<28>    |    0.614(R)|      FAST  |    1.598(R)|      SLOW  |clk_BUFGP         |   0.000|
d_in<29>    |    0.545(R)|      FAST  |    1.592(R)|      SLOW  |clk_BUFGP         |   0.000|
d_in<30>    |    0.192(R)|      FAST  |    1.630(R)|      SLOW  |clk_BUFGP         |   0.000|
d_in<31>    |    0.484(R)|      FAST  |    1.607(R)|      SLOW  |clk_BUFGP         |   0.000|
rst         |    1.689(R)|      SLOW  |    0.594(R)|      SLOW  |clk_BUFGP         |   0.000|
------------+------------+------------+------------+------------+------------------+--------+

Clock clk to Pad
------------+-----------------+------------+-----------------+------------+------------------+--------+
            |Max (slowest) clk|  Process   |Min (fastest) clk|  Process   |                  | Clock  |
Destination |  (edge) to PAD  |   Corner   |  (edge) to PAD  |   Corner   |Internal Clock(s) | Phase  |
------------+-----------------+------------+-----------------+------------+------------------+--------+
d_out<0>    |         8.447(R)|      SLOW  |         3.657(R)|      FAST  |clk_BUFGP         |   0.000|
d_out<1>    |         8.283(R)|      SLOW  |         3.510(R)|      FAST  |clk_BUFGP         |   0.000|
d_out<2>    |         8.291(R)|      SLOW  |         3.548(R)|      FAST  |clk_BUFGP         |   0.000|
d_out<3>    |         8.209(R)|      SLOW  |         3.501(R)|      FAST  |clk_BUFGP         |   0.000|
d_out<4>    |         8.346(R)|      SLOW  |         3.555(R)|      FAST  |clk_BUFGP         |   0.000|
d_out<5>    |         8.065(R)|      SLOW  |         3.438(R)|      FAST  |clk_BUFGP         |   0.000|
d_out<6>    |         8.072(R)|      SLOW  |         3.442(R)|      FAST  |clk_BUFGP         |   0.000|
d_out<7>    |         8.075(R)|      SLOW  |         3.436(R)|      FAST  |clk_BUFGP         |   0.000|
d_out<8>    |         8.172(R)|      SLOW  |         3.492(R)|      FAST  |clk_BUFGP         |   0.000|
d_out<9>    |         8.012(R)|      SLOW  |         3.388(R)|      FAST  |clk_BUFGP         |   0.000|
d_out<10>   |         8.003(R)|      SLOW  |         3.381(R)|      FAST  |clk_BUFGP         |   0.000|
d_out<11>   |         7.877(R)|      SLOW  |         3.341(R)|      FAST  |clk_BUFGP         |   0.000|
d_out<12>   |         7.961(R)|      SLOW  |         3.363(R)|      FAST  |clk_BUFGP         |   0.000|
d_out<13>   |         7.876(R)|      SLOW  |         3.331(R)|      FAST  |clk_BUFGP         |   0.000|
d_out<14>   |         7.854(R)|      SLOW  |         3.317(R)|      FAST  |clk_BUFGP         |   0.000|
d_out<15>   |         8.186(R)|      SLOW  |         3.540(R)|      FAST  |clk_BUFGP         |   0.000|
d_out<16>   |         7.859(R)|      SLOW  |         3.322(R)|      FAST  |clk_BUFGP         |   0.000|
d_out<17>   |         7.865(R)|      SLOW  |         3.320(R)|      FAST  |clk_BUFGP         |   0.000|
d_out<18>   |         7.869(R)|      SLOW  |         3.324(R)|      FAST  |clk_BUFGP         |   0.000|
d_out<19>   |         8.180(R)|      SLOW  |         3.528(R)|      FAST  |clk_BUFGP         |   0.000|
d_out<20>   |         7.840(R)|      SLOW  |         3.308(R)|      FAST  |clk_BUFGP         |   0.000|
d_out<21>   |         7.883(R)|      SLOW  |         3.325(R)|      FAST  |clk_BUFGP         |   0.000|
d_out<22>   |         7.833(R)|      SLOW  |         3.307(R)|      FAST  |clk_BUFGP         |   0.000|
d_out<23>   |         8.006(R)|      SLOW  |         3.393(R)|      FAST  |clk_BUFGP         |   0.000|
d_out<24>   |         8.129(R)|      SLOW  |         3.500(R)|      FAST  |clk_BUFGP         |   0.000|
d_out<25>   |         8.036(R)|      SLOW  |         3.416(R)|      FAST  |clk_BUFGP         |   0.000|
d_out<26>   |         8.060(R)|      SLOW  |         3.424(R)|      FAST  |clk_BUFGP         |   0.000|
d_out<27>   |         8.047(R)|      SLOW  |         3.395(R)|      FAST  |clk_BUFGP         |   0.000|
d_out<28>   |         8.193(R)|      SLOW  |         3.503(R)|      FAST  |clk_BUFGP         |   0.000|
d_out<29>   |         8.189(R)|      SLOW  |         3.495(R)|      FAST  |clk_BUFGP         |   0.000|
d_out<30>   |         8.089(R)|      SLOW  |         3.417(R)|      FAST  |clk_BUFGP         |   0.000|
d_out<31>   |         8.242(R)|      SLOW  |         3.534(R)|      FAST  |clk_BUFGP         |   0.000|
------------+-----------------+------------+-----------------+------------+------------------+--------+

Clock to Setup on destination clock clk
---------------+---------+---------+---------+---------+
               | Src:Rise| Src:Fall| Src:Rise| Src:Fall|
Source Clock   |Dest:Rise|Dest:Rise|Dest:Fall|Dest:Fall|
---------------+---------+---------+---------+---------+
clk            |    2.022|         |         |         |
---------------+---------+---------+---------+---------+


Analysis completed Sun Jun 03 14:13:12 2018 
--------------------------------------------------------------------------------

Trace Settings:
-------------------------
Trace Settings 

Peak Memory Usage: 5004 MB



